This is pdfTeXk, Version 3.1415926-1.40.9 (Web2C 7.5.7) (format=pdflatex 2008.12.20)  26 MAY 2009 14:55
entering extended mode
 file:line:error style messages enabled.
 %&-line parsing enabled.
**thesis_outline.tex
(./thesis_outline.tex
LaTeX2e <2005/12/01>
Babel <v3.8l> and hyphenation patterns for english, usenglishmax, dumylang, noh
yphenation, german-x-2008-06-18, ngerman-x-2008-06-18, ancientgreek, ibycus, ar
abic, basque, bulgarian, catalan, pinyin, coptic, croatian, czech, danish, dutc
h, esperanto, estonian, farsi, finnish, french, galician, german, ngerman, mono
greek, greek, hungarian, icelandic, indonesian, interlingua, irish, italian, la
tin, mongolian, mongolian2a, bokmal, nynorsk, polish, portuguese, romanian, rus
sian, sanskrit, serbian, slovak, slovenian, spanish, swedish, turkish, ukenglis
h, ukrainian, uppersorbian, welsh, loaded.
(/usr/local/texlive/2008/texmf-dist/tex/latex/base/article.cls
Document Class: article 2005/09/16 v1.4f Standard LaTeX document class
(/usr/local/texlive/2008/texmf-dist/tex/latex/base/size10.clo
File: size10.clo 2005/09/16 v1.4f Standard LaTeX file (size option)
)
\c@part=\count79
\c@section=\count80
\c@subsection=\count81
\c@subsubsection=\count82
\c@paragraph=\count83
\c@subparagraph=\count84
\c@figure=\count85
\c@table=\count86
\abovecaptionskip=\skip41
\belowcaptionskip=\skip42
\bibindent=\dimen102
)
(/usr/local/texlive/2008/texmf-dist/tex/latex/oberdiek/pdflscape.sty
Package: pdflscape 2008/08/11 v0.10 Landscape pages in PDF (HO)

(/usr/local/texlive/2008/texmf-dist/tex/latex/graphics/lscape.sty
Package: lscape 2000/10/22 v3.01 Landscape Pages (DPC)

(/usr/local/texlive/2008/texmf-dist/tex/latex/graphics/graphics.sty
Package: graphics 2006/02/20 v1.0o Standard LaTeX Graphics (DPC,SPQR)

(/usr/local/texlive/2008/texmf-dist/tex/latex/graphics/trig.sty
Package: trig 1999/03/16 v1.09 sin cos tan (DPC)
)
(/usr/local/texlive/2008/texmf/tex/latex/config/graphics.cfg
File: graphics.cfg 2007/01/18 v1.5 graphics configuration of teTeX/TeXLive
)
Package graphics Info: Driver file: pdftex.def on input line 90.

(/usr/local/texlive/2008/texmf-dist/tex/latex/pdftex-def/pdftex.def
File: pdftex.def 2008/07/16 v0.04k Graphics/color for pdfTeX
\Gread@gobject=\count87
)))
(/usr/local/texlive/2008/texmf-dist/tex/generic/oberdiek/ifpdf.sty
Package: ifpdf 2007/12/12 v1.6 Provides the ifpdf switch (HO)
Package ifpdf Info: pdfTeX in pdf mode detected.
)
Package pdflscape Info: Auto-detected driver: pdftex on input line 75.

(/usr/local/texlive/2008/texmf-dist/tex/generic/ifxetex/ifxetex.sty
Package: ifxetex 2006/08/21 v0.3 Provides ifxetex conditional
))
(/usr/local/texlive/2008/texmf-dist/tex/latex/pdfpages/pdfpages.sty
Package: pdfpages 2008/06/22 v0.4f Insert pages of external PDF documents (AM)

(/usr/local/texlive/2008/texmf-dist/tex/latex/base/ifthen.sty
Package: ifthen 2001/05/26 v1.1c Standard LaTeX ifthen package (DPC)
)
(/usr/local/texlive/2008/texmf-dist/tex/latex/graphics/graphicx.sty
Package: graphicx 1999/02/16 v1.0f Enhanced LaTeX Graphics (DPC,SPQR)

(/usr/local/texlive/2008/texmf-dist/tex/latex/graphics/keyval.sty
Package: keyval 1999/03/16 v1.13 key=value parser (DPC)
\KV@toks@=\toks14
)
\Gin@req@height=\dimen103
\Gin@req@width=\dimen104
)
(/usr/local/texlive/2008/texmf-dist/tex/latex/tools/calc.sty
Package: calc 2005/08/06 v4.2 Infix arithmetic (KKT,FJ)
\calc@Acount=\count88
\calc@Bcount=\count89
\calc@Adimen=\dimen105
\calc@Bdimen=\dimen106
\calc@Askip=\skip43
\calc@Bskip=\skip44
LaTeX Info: Redefining \setlength on input line 75.
LaTeX Info: Redefining \addtolength on input line 76.
\calc@Ccount=\count90
\calc@Cskip=\skip45
)
(/usr/local/texlive/2008/texmf-dist/tex/latex/eso-pic/eso-pic.sty
Package: eso-pic 2006/07/14 v1.1d eso-pic (RN)

(/usr/local/texlive/2008/texmf-dist/tex/latex/ms/everyshi.sty
Package: everyshi 2001/05/15 v3.00 EveryShipout Package (MS)
))
(/usr/local/texlive/2008/texmf-dist/tex/latex/pdfpages/pppdftex.def
File: pppdftex.def 2008/06/22 v0.4f Pdfpages driver for pdfTeX (AM)
)
\AM@pagebox=\box26
\AM@toc@title=\toks15
\c@AM@survey=\count91
\AM@templatesizebox=\box27
)
(./thesis_outline.aux

LaTeX Warning: Label `par:analyse_existing_work' multiply defined.


LaTeX Warning: Label `par:collaborate_with_barber_and_with_sampson' multiply de
fined.


LaTeX Warning: Label `par:plan_metamodel_evolution_language' multiply defined.


LaTeX Warning: Label `par:write_paper_for_models_sle_mccm_2009' multiply define
d.

)
\openout1 = `thesis_outline.aux'.

LaTeX Font Info:    Checking defaults for OML/cmm/m/it on input line 13.
LaTeX Font Info:    ... okay on input line 13.
LaTeX Font Info:    Checking defaults for T1/cmr/m/n on input line 13.
LaTeX Font Info:    ... okay on input line 13.
LaTeX Font Info:    Checking defaults for OT1/cmr/m/n on input line 13.
LaTeX Font Info:    ... okay on input line 13.
LaTeX Font Info:    Checking defaults for OMS/cmsy/m/n on input line 13.
LaTeX Font Info:    ... okay on input line 13.
LaTeX Font Info:    Checking defaults for OMX/cmex/m/n on input line 13.
LaTeX Font Info:    ... okay on input line 13.
LaTeX Font Info:    Checking defaults for U/cmr/m/n on input line 13.
LaTeX Font Info:    ... okay on input line 13.
 (/usr/local/texlive/2008/texmf-dist/tex/context/base/supp-pdf.tex
[Loading MPS to PDF converter (version 2006.09.02).]
\scratchcounter=\count92
\scratchdimen=\dimen107
\scratchbox=\box28
\nofMPsegments=\count93
\nofMParguments=\count94
\everyMPshowfont=\toks16
\MPscratchCnt=\count95
\MPscratchDim=\dimen108
\MPnumerator=\count96
\everyMPtoPDFconversion=\toks17
) ABD: EveryShipout initializing macros
(/usr/local/texlive/2008/texmf-dist/tex/latex/graphics/color.sty
Package: color 2005/11/14 v1.0j Standard LaTeX Color (DPC)

(/usr/local/texlive/2008/texmf/tex/latex/config/color.cfg
File: color.cfg 2007/01/18 v1.5 color configuration of teTeX/TeXLive
)
Package color Info: Driver file: pdftex.def on input line 130.
)
LaTeX Font Info:    External font `cmex10' loaded for size
(Font)              <12> on input line 14.
LaTeX Font Info:    External font `cmex10' loaded for size
(Font)              <8> on input line 14.
LaTeX Font Info:    External font `cmex10' loaded for size
(Font)              <6> on input line 14.
LaTeX Font Info:    External font `cmex10' loaded for size
(Font)              <9> on input line 23.
LaTeX Font Info:    External font `cmex10' loaded for size
(Font)              <5> on input line 23.

(./thesis_outline.toc
LaTeX Font Info:    External font `cmex10' loaded for size
(Font)              <7> on input line 2.
)
\tf@toc=\write3
\openout3 = `thesis_outline.toc'.

 [1

{/usr/local/texlive/2008/texmf-var/fonts/map/pdftex/updmap/pdftex.map}] (./intr
oduction.tex
Overfull \hbox (45.95313pt too wide) in paragraph at lines 10--12
\OT1/cmr/m/n/10 lent to-day, such as [[]], [[]] and [[]].
 []

[2]) (./thesis_structure.tex [3] [4]

LaTeX Warning: Reference `sec:Progress' on page 5 undefined on input line 56.


LaTeX Warning: Reference `sec:Progress' on page 5 undefined on input line 63.

[5]

LaTeX Warning: Reference `sec:Progress' on page 6 undefined on input line 74.


Overfull \hbox (1.93584pt too wide) in paragraph at lines 84--85
\OT1/cmr/m/n/10 pressed in a metamodel-independent rep-re-sen-ta-tion. Trans-fo
rm-ing a metamodel-
 []


LaTeX Warning: Reference `sec:Plan' on page 6 undefined on input line 86.

LaTeX Font Info:    Try loading font information for OMS+cmr on input line 94.
(/usr/local/texlive/2008/texmf-dist/tex/latex/base/omscmr.fd
File: omscmr.fd 1999/05/25 v2.5h Standard LaTeX font definitions
)
LaTeX Font Info:    Font shape `OMS/cmr/m/n' in size <10> not available
(Font)              Font shape `OMS/cmsy/m/n' tried instead on input line 94.

Overfull \hbox (9.67717pt too wide) in paragraph at lines 94--95
[]\OT1/cmr/m/n/10 Extending the DSL for mi-gra-tion strate-gies: [[]]
 []

[6]
Overfull \hbox (6.33388pt too wide) in paragraph at lines 99--100
[]\OT1/cmr/m/n/10 Represent an ex-ist-ing model that lacks this con-cept us-ing
 a metamodel-
 []


LaTeX Warning: Reference `sec:Plan' on page 7 undefined on input line 107.

[7]

LaTeX Warning: Reference `sec:Plan' on page 8 undefined on input line 121.


LaTeX Warning: Citation `rose09patterns' on page 8 undefined on input line 125.



LaTeX Warning: Reference `sec:Plan' on page 8 undefined on input line 129.


LaTeX Warning: Citation `kolovosthesis' on page 8 undefined on input line 135.

[8]) (./progress.tex (./progress_achievements.tex
Overfull \hbox (5.70622pt too wide) in paragraph at lines 18--19
 \OT1/cmr/bx/n/10 Anal-yse COPE and Ci-c-chetti's work[] \OT1/cmr/m/n/10 Both [
[]]
 []


Overfull \hbox (9.2246pt too wide) in paragraph at lines 18--19
\OT1/cmr/m/n/10 and [[]] de-scribe tools for per-form-ing co-evolution. By anal
ysing
 []

[9] [10]) (./progress_plan.tex

LaTeX Warning: Reference `fig:revised_plan' on page 11 undefined on input line 
5.


LaTeX Warning: Reference `fig:revised_plan' on page 11 undefined on input line 
5.

[11] <Plan.pdf, id=52, page=1, 1209.48358pt x 894.34125pt>
File: Plan.pdf Graphic file (type pdf)

<use Plan.pdf, page 1>
File: Plan.pdf Graphic file (type pdf)
 <use Plan.pdf, page 1>
File: Plan.pdf Graphic file (type pdf)
 <use Plan.pdf, page 1>
File: Plan.pdf Graphic file (type pdf)

<use Plan.pdf, page 1>
File: Plan.pdf Graphic file (type pdf)
 <use Plan.pdf, page 1> [12

 <./Plan.pdf>]

Package pdfpages Warning: There's something wrong with the entries
(pdfpages)                of `addtolist'. Not all entries were
(pdfpages)                processed. Check `addtolist' on input line 13.


LaTeX Warning: Reference `subsubsec:further_solutions' on page 13 undefined on 
input line 39.


LaTeX Warning: Reference `subsubsec:further_solutions' on page 13 undefined on 
input line 41.

)) [13] (./thesis_outline.bbl [14]
./thesis_outline.bbl:90: Undefined control sequence.
l.90 ...[Accessed 30 June 2008] Available at: \url
                                                  {http://www.omg.org}, 2008.
The control sequence at the end of the top line
of your error message was never \def'ed. If you have
misspelled it (e.g., `\hobx'), type `I' and the correct
spelling (e.g., `I\hbox'). Otherwise just continue,
and I'll forget about whatever was undefined.

) [15] (./thesis_outline.aux)

LaTeX Warning: There were undefined references.


LaTeX Warning: There were multiply-defined labels.

 ) 
Here is how much of TeX's memory you used:
 1786 strings out of 493886
 25889 string characters out of 1151098
 82353 words of memory out of 3000000
 5035 multiletter control sequences out of 10000+50000
 9806 words of font info for 34 fonts, out of 3000000 for 5000
 714 hyphenation exceptions out of 8191
 36i,17n,39p,852b,410s stack positions out of 5000i,500n,10000p,200000b,50000s
</usr/local/texlive/2008/texmf-dist/fonts/type1/bluesky/cm/cmbx10.pfb></usr/l
ocal/texlive/2008/texmf-dist/fonts/type1/bluesky/cm/cmbx12.pfb></usr/local/texl
ive/2008/texmf-dist/fonts/type1/bluesky/cm/cmbx9.pfb></usr/local/texlive/2008/t
exmf-dist/fonts/type1/bluesky/cm/cmr10.pfb></usr/local/texlive/2008/texmf-dist/
fonts/type1/bluesky/cm/cmr12.pfb></usr/local/texlive/2008/texmf-dist/fonts/type
1/bluesky/cm/cmr17.pfb></usr/local/texlive/2008/texmf-dist/fonts/type1/bluesky/
cm/cmr6.pfb></usr/local/texlive/2008/texmf-dist/fonts/type1/bluesky/cm/cmr7.pfb
></usr/local/texlive/2008/texmf-dist/fonts/type1/bluesky/cm/cmr8.pfb></usr/loca
l/texlive/2008/texmf-dist/fonts/type1/bluesky/cm/cmr9.pfb></usr/local/texlive/2
008/texmf-dist/fonts/type1/bluesky/cm/cmsy10.pfb></usr/local/texlive/2008/texmf
-dist/fonts/type1/bluesky/cm/cmsy9.pfb></usr/local/texlive/2008/texmf-dist/font
s/type1/bluesky/cm/cmti10.pfb></usr/local/texlive/2008/texmf-dist/fonts/type1/b
luesky/cm/cmti9.pfb>
Output written on thesis_outline.pdf (15 pages, 265605 bytes).
PDF statistics:
 805 PDF objects out of 1000 (max. 8388607)
 0 named destinations out of 1000 (max. 131072)
 16 words of extra memory for PDF output out of 10000 (max. 10000000)

