\BOOKMARK [0][-]{section*.1}{Contents}{}% 1
\BOOKMARK [0][-]{section*.2}{List of Figures}{}% 2
\BOOKMARK [0][-]{section*.3}{List of Tables}{}% 3
\BOOKMARK [0][-]{section*.4}{Listings}{}% 4
\BOOKMARK [0][-]{chapter*.6}{Author Declaration}{}% 5
\BOOKMARK [0][-]{chapter.1}{Introduction}{}% 6
\BOOKMARK [1][-]{section.1.1}{An Overview of Model-Driven Engineering}{chapter.1}% 7
\BOOKMARK [1][-]{section.1.2}{An Overview of Software Evolution}{chapter.1}% 8
\BOOKMARK [1][-]{section.1.3}{Motivation: Software Evolution in MDE}{chapter.1}% 9
\BOOKMARK [1][-]{section.1.4}{Research Hypothesis and Method}{chapter.1}% 10
\BOOKMARK [1][-]{section.1.5}{Results of the Thesis Research}{chapter.1}% 11
\BOOKMARK [1][-]{section.1.6}{Thesis Structure}{chapter.1}% 12
\BOOKMARK [0][-]{chapter.2}{Background: Model-Driven Engineering}{}% 13
\BOOKMARK [1][-]{section.2.1}{MDE Terminology and Principles}{chapter.2}% 14
\BOOKMARK [1][-]{section.2.2}{MDE Guidelines and Methods}{chapter.2}% 15
\BOOKMARK [1][-]{section.2.3}{Tools for MDE}{chapter.2}% 16
\BOOKMARK [1][-]{section.2.4}{Research Relating to MDE}{chapter.2}% 17
\BOOKMARK [1][-]{section.2.5}{Benefits of and Current Challenges to MDE}{chapter.2}% 18
\BOOKMARK [1][-]{section.2.6}{Chapter Summary}{chapter.2}% 19
\BOOKMARK [0][-]{chapter.3}{Review of Software Evolution}{}% 20
\BOOKMARK [1][-]{section.3.1}{Software Evolution Theory}{chapter.3}% 21
\BOOKMARK [1][-]{section.3.2}{Software Evolution in Practice}{chapter.3}% 22
\BOOKMARK [1][-]{section.3.3}{Challenges to Managing Software Evolution in MDE}{chapter.3}% 23
\BOOKMARK [1][-]{section.3.4}{Chapter Summary}{chapter.3}% 24
\BOOKMARK [0][-]{chapter.4}{MDE and Evolution: Problem Analysis}{}% 25
\BOOKMARK [1][-]{section.4.1}{Examples of Evolution from MDE Projects}{chapter.4}% 26
\BOOKMARK [1][-]{section.4.2}{An Analysis of Existing Co-Evolution Techniques}{chapter.4}% 27
\BOOKMARK [1][-]{section.4.3}{Requirements for Identifying and Managing Co-Evolution}{chapter.4}% 28
\BOOKMARK [1][-]{section.4.4}{Chapter Summary}{chapter.4}% 29
\BOOKMARK [0][-]{chapter.5}{Design and Implementation}{}% 30
\BOOKMARK [1][-]{section.5.1}{A Metamodel-Independent Syntax}{chapter.5}% 31
\BOOKMARK [1][-]{section.5.2}{Epsilon HUTN: A Textual Modelling Notation}{chapter.5}% 32
\BOOKMARK [1][-]{section.5.3}{An Analysis of Languages used for Model Migration}{chapter.5}% 33
\BOOKMARK [1][-]{section.5.4}{Epsilon Flock: A Model Migration Language}{chapter.5}% 34
\BOOKMARK [1][-]{section.5.5}{Chapter Summary}{chapter.5}% 35
\BOOKMARK [0][-]{chapter.6}{Evaluation}{}% 36
\BOOKMARK [1][-]{section.6.1}{Evaluating User-Driven Co-Evolution}{chapter.6}% 37
\BOOKMARK [1][-]{section.6.2}{Evaluating Conservative Copy}{chapter.6}% 38
\BOOKMARK [1][-]{section.6.3}{Evaluating Epsilon Flock and other Co-evolution Tools}{chapter.6}% 39
\BOOKMARK [1][-]{section.6.4}{Evaluating Co-Evolution Tools with an Example from UML}{chapter.6}% 40
\BOOKMARK [1][-]{section.6.5}{Limitations of the Proposed Structures and Processes}{chapter.6}% 41
\BOOKMARK [1][-]{section.6.6}{Chapter Summary}{chapter.6}% 42
\BOOKMARK [0][-]{chapter.7}{Conclusions}{}% 43
\BOOKMARK [1][-]{section.7.1}{Contributions of the Thesis Research}{chapter.7}% 44
\BOOKMARK [1][-]{section.7.2}{Future Work}{chapter.7}% 45
\BOOKMARK [1][-]{section.7.3}{Closing Remarks}{chapter.7}% 46
\BOOKMARK [0][-]{appendix.A}{Code Listings}{}% 47
\BOOKMARK [1][-]{section.A.1}{Migrating Petri Nets with Ecore2Ecore}{appendix.A}% 48
\BOOKMARK [1][-]{section.A.2}{Model Management Operations for Epsilon HUTN}{appendix.A}% 49
\BOOKMARK [0][-]{appendix.B}{A Graphical Editor for Process-Oriented Programs}{}% 50
\BOOKMARK [1][-]{section.B.1}{Iteration 1: Processes and Channels}{appendix.B}% 51
\BOOKMARK [1][-]{section.B.2}{Iteration 2: Interoperability with GMF}{appendix.B}% 52
\BOOKMARK [1][-]{section.B.3}{Iteration 3: Shared Channels}{appendix.B}% 53
\BOOKMARK [1][-]{section.B.4}{Iteration 4: Connection Points}{appendix.B}% 54
\BOOKMARK [1][-]{section.B.5}{Iteration 5: Connection Point Types}{appendix.B}% 55
\BOOKMARK [1][-]{section.B.6}{Iteration 6: Nested Processes and Channels}{appendix.B}% 56
\BOOKMARK [1][-]{section.B.7}{Summary}{appendix.B}% 57
\BOOKMARK [0][-]{appendix.C}{Co-evolution Examples}{}% 58
\BOOKMARK [1][-]{section.C.1}{Newsgroups Examples}{appendix.C}% 59
\BOOKMARK [1][-]{section.C.2}{UML Example}{appendix.C}% 60
\BOOKMARK [1][-]{section.C.3}{GMF Examples}{appendix.C}% 61
\BOOKMARK [0][-]{appendix.D}{TTC Results}{}% 62
\BOOKMARK [0][-]{section*.224}{Bibliography}{}% 63
