This is pdfTeXk, Version 3.1415926-1.40.9 (Web2C 7.5.7) (format=pdflatex 2008.12.20)  2 NOV 2010 10:46
entering extended mode
 file:line:error style messages enabled.
 %&-line parsing enabled.
**thesis.tex
(./thesis.tex
LaTeX2e <2005/12/01>
Babel <v3.8l> and hyphenation patterns for english, usenglishmax, dumylang, noh
yphenation, german-x-2008-06-18, ngerman-x-2008-06-18, ancientgreek, ibycus, ar
abic, basque, bulgarian, catalan, pinyin, coptic, croatian, czech, danish, dutc
h, esperanto, estonian, farsi, finnish, french, galician, german, ngerman, mono
greek, greek, hungarian, icelandic, indonesian, interlingua, irish, italian, la
tin, mongolian, mongolian2a, bokmal, nynorsk, polish, portuguese, romanian, rus
sian, sanskrit, serbian, slovak, slovenian, spanish, swedish, turkish, ukenglis
h, ukrainian, uppersorbian, welsh, loaded.
(/usr/local/texlive/2008/texmf-dist/tex/latex/memoir/memoir.cls
Document Class: memoir 2008/08/07 v1.6180339a configurable book, report, articl
e document class
\onelineskip=\skip41
\lxvchars=\skip42
\xlvchars=\skip43
\@memcnta=\count79
\c@@memmarkcntra=\count80
(/usr/local/texlive/2008/texmf-dist/tex/generic/oberdiek/ifpdf.sty
Package: ifpdf 2007/12/12 v1.6 Provides the ifpdf switch (HO)
Package ifpdf Info: pdfTeX in pdf mode detected.
)

Class memoir Warning: If there is an `ifetex' package then it is not installed.

(memoir)              The package is being emulated.

(/usr/local/texlive/2008/texmf-dist/tex/generic/ifxetex/ifxetex.sty
Package: ifxetex 2006/08/21 v0.3 Provides ifxetex conditional
)
(/usr/local/texlive/2008/texmf-dist/tex/generic/oberdiek/ifluatex.sty
Package: ifluatex 2007/12/12 v1.0 Provides the ifluatex switch (HO)
Package ifluatex Info: LuaTeX not detected.
)
\stockheight=\skip44
\stockwidth=\skip45
\trimtop=\skip46
\trimedge=\skip47

(/usr/local/texlive/2008/texmf-dist/tex/latex/memoir/mem11.clo
File: mem11.clo 2008/01/30 v0.3 memoir class 11pt size option
)
\spinemargin=\skip48
\foremargin=\skip49
\uppermargin=\skip50
\lowermargin=\skip51
\headdrop=\skip52
\normalrulethickness=\skip53
\headwidth=\skip54
\c@storedpagenumber=\count81
\memPD=\dimen102
\m@mabparskip=\skip55
\thanksmarkwidth=\skip56
\thanksmarksep=\skip57
\droptitle=\skip58
\c@book=\count82
\c@part=\count83
\c@chapter=\count84
\c@section=\count85
\c@subsection=\count86
\c@subsubsection=\count87
\c@paragraph=\count88
\c@subparagraph=\count89
\beforechapskip=\skip59
\midchapskip=\skip60
\afterchapskip=\skip61
\chapindent=\skip62
\bottomsectionskip=\skip63
\secindent=\skip64
\beforesecskip=\skip65
\aftersecskip=\skip66
\subsecindent=\skip67
\beforesubsecskip=\skip68
\aftersubsecskip=\skip69
\subsubsecindent=\skip70
\beforesubsubsecskip=\skip71
\aftersubsubsecskip=\skip72
\paraindent=\skip73
\beforeparaskip=\skip74
\afterparaskip=\skip75
\subparaindent=\skip76
\beforesubparaskip=\skip77
\aftersubparaskip=\skip78
\pfbreakskip=\skip79
\c@@ppsavesec=\count90
\c@@ppsaveapp=\count91
\ragrparindent=\dimen103
\everylistparindent=\dimen104
\parsepi=\skip80
\topsepi=\skip81
\itemsepi=\skip82
\parsepii=\skip83
\topsepii=\skip84
\topsepiii=\skip85
\itemsepii=\skip86
\itemsepiii=\skip87
\partopsepii=\skip88
\partopsepiii=\skip89
\m@msavetopsep=\skip90
\m@msavepartopsep=\skip91
\@enLab=\toks14
\abstitleskip=\skip92
\absleftindent=\skip93
\abs@leftindent=\dimen105
\absrightindent=\skip94
\absparindent=\skip95
\absparsep=\skip96
\c@vslineno=\count92
\c@poemline=\count93
\c@modulo@vs=\count94
\c@memfvsline=\count95
\vleftskip=\skip97
\vrightskip=\skip98
\stanzaskip=\skip99
\versewidth=\skip100
\vgap=\skip101
\vindent=\skip102
\vleftmargin=\dimen106
\c@verse=\count96
\c@chrsinstr=\count97
\beforepoemtitleskip=\skip103
\afterpoemtitleskip=\skip104
\c@poem=\count98
\beforePoemTitleskip=\skip105
\midPoemTitleskip=\skip106
\afterPoemTitleskip=\skip107
\col@sep=\dimen107
\extrarowheight=\dimen108
\NC@list=\toks15
\extratabsurround=\skip108
\backup@length=\skip109
\TX@col@width=\dimen109
\TX@old@table=\dimen110
\TX@old@col=\dimen111
\TX@target=\dimen112
\TX@delta=\dimen113
\TX@cols=\count99
\TX@ftn=\toks16
\heavyrulewidth=\dimen114
\lightrulewidth=\dimen115
\cmidrulewidth=\dimen116
\belowrulesep=\dimen117
\belowbottomsep=\dimen118
\aboverulesep=\dimen119
\abovetopsep=\dimen120
\cmidrulesep=\dimen121
\cmidrulekern=\dimen122
\defaultaddspace=\dimen123
\@cmidla=\count100
\@cmidlb=\count101
\@aboverulesep=\dimen124
\@belowrulesep=\dimen125
\@thisruleclass=\count102
\@lastruleclass=\count103
\@thisrulewidth=\dimen126
\ctableftskip=\skip110
\ctabrightskip=\skip111
\abovecolumnspenalty=\count104
\@linestogo=\count105
\@cellstogo=\count106
\@cellsincolumn=\count107
\crtok=\toks17
\@mincolumnwidth=\dimen127
\c@newflo@tctr=\count108
\@contcwidth=\skip112
\@contindw=\skip113
\abovecaptionskip=\skip114
\belowcaptionskip=\skip115
\subfloattopskip=\skip116
\subfloatcapskip=\skip117
\subfloatcaptopadj=\skip118
\subfloatbottomskip=\skip119
\subfloatlabelskip=\skip120
\subfloatcapmargin=\dimen128
\c@@contsubnum=\count109
\m@mscap@capbox=\box26
\m@mscap@fbox=\box27
\sidecapsep=\dimen129
\sidecapwidth=\dimen130
\m@m@tempdima=\dimen131
\m@mscapraise=\dimen132
\sidecapraise=\dimen133
\m@mscapmainwidth=\dimen134
\m@mscaplkern=\dimen135
\beforeepigraphskip=\skip121
\afterepigraphskip=\skip122
\epigraphwidth=\skip123
\epigraphrule=\skip124
LaTeX Info: Redefining \em on input line 6679.
LaTeX Info: Redefining \emph on input line 6687.
\tocentryskip=\skip125
\tocbaseline=\skip126
\cftparskip=\skip127
\cftbeforebookskip=\skip128
\cftbookindent=\dimen136
\cftbooknumwidth=\dimen137
\cftbeforepartskip=\skip129
\cftpartindent=\skip130
\cftpartnumwidth=\skip131
\cftbeforechapterskip=\skip132
\cftchapterindent=\skip133
\cftchapternumwidth=\skip134
\cftbeforesectionskip=\skip135
\cftsectionindent=\skip136
\cftsectionnumwidth=\skip137
\cftbeforesubsectionskip=\skip138
\cftsubsectionindent=\skip139
\cftsubsectionnumwidth=\skip140
\cftbeforesubsubsectionskip=\skip141
\cftsubsubsectionindent=\skip142
\cftsubsubsectionnumwidth=\skip143
\cftbeforeparagraphskip=\skip144
\cftparagraphindent=\skip145
\cftparagraphnumwidth=\skip146
\cftbeforesubparagraphskip=\skip147
\cftsubparagraphindent=\skip148
\cftsubparagraphnumwidth=\skip149
\prechapterprecisshift=\dimen138
\c@maxsecnumdepth=\count110
\bibindent=\dimen139
\bibitemsep=\skip150
\indexcolsep=\skip151
\indexrule=\skip152
\indexmarkstyle=\toks18
\@indexbox=\insert233
\glossarycolsep=\dimen140
\glossaryrule=\dimen141
\sideparvshift=\skip153
\sideins=\insert232
\sidebartopsep=\skip154
\sidebarhsep=\skip155
\sidebarvsep=\skip156
\sidebarwidth=\skip157
\footmarkwidth=\skip158
\footmarksep=\skip159
\footparindent=\skip160
\footinsdim=\skip161
\footinsv@r=\insert231
\@mpfootinsv@r=\insert230
\m@m@k=\count111
\m@m@h=\dimen142
\m@mipn@skip=\skip162
\c@pagenote=\count112
\every@verbatim=\toks19
\afterevery@verbatim=\toks20
\verbatim@line=\toks21
\tab@position=\count113
\verbatim@in@stream=\read1
\verbatimindent=\skip163
\verbatim@out=\write3
\bvboxsep=\skip164
\c@memfbvline=\count114
\c@bvlinectr=\count115
\bvnumlength=\skip165
\fb@frw=\dimen143
\fb@frh=\dimen144
\FrameRule=\dimen145
\FrameSep=\dimen146
\c@cp@cntr=\count116
LaTeX Info: Redefining \: on input line 10508.
LaTeX Info: Redefining \! on input line 10510.
\c@ism@mctr=\count117
\c@xsm@mctr=\count118
\c@csm@mctr=\count119
\c@ksm@mctr=\count120
\c@xksm@mctr=\count121
\c@cksm@mctr=\count122
\c@msm@mctr=\count123
\c@xmsm@mctr=\count124
\c@cmsm@mctr=\count125
\c@bsm@mctr=\count126
\c@workm@mctr=\count127
\c@sheetsequence=\count128
\c@lastsheet=\count129
\c@lastpage=\count130
\c@figure=\count131
\c@lofdepth=\count132
\cftbeforefigureskip=\skip166
\cftfigureindent=\skip167
\cftfigurenumwidth=\skip168
\c@table=\count133
\c@lotdepth=\count134
\cftbeforetableskip=\skip169
\cfttableindent=\skip170
\cfttablenumwidth=\skip171
Package abstract [2008/07/23] emulated by memoir.
Package appendix [2008/07/23] emulated by memoir.
Package array [2008/07/23] emulated by memoir.
Package booktabs [2008/07/23] emulated by memoir.
Package ccaption [2008/07/23] emulated by memoir.
Package changepage [2008/07/23] emulated by memoir.
Package chngcntr [2008/07/23] emulated by memoir.
Package chngpage [2008/07/23] emulated by memoir.
Package crop emulated by memoir.
Package dcolumn [2008/07/23] emulated by memoir.
Package delarray [2008/07/23] emulated by memoir.
Package enumerate [2008/07/23] emulated by memoir.
Package epigraph [2008/07/23] emulated by memoir.
Package ifmtarg [2008/07/23] emulated by memoir.
Package ifetex [2008/07/23] emulated by memoir.
Package index [2008/07/23] emulated by memoir.
Package makeidx [2008/07/23] emulated by memoir.
Package moreverb [2008/07/23] emulated by memoir.
Package mparhack [2008/07/23] emulated by memoir.
Package needspace [2008/07/23] emulated by memoir.
Package newfile [2008/07/23] emulated by memoir.
Package nextpage [2008/07/23] emulated by memoir.
Package pagenote [2008/07/23] emulated by memoir.
Package parskip [2008/07/23] emulated by memoir.
Package patchcmd [2008/07/23] emulated by memoir.
Package setspace [2008/07/23] emulated by memoir.
Package shortvrb [2008/07/23] emulated by memoir.
Package showidx [2008/07/23] emulated by memoir.
Package tabularx [2008/07/23] emulated by memoir.
Package titleref [2008/07/23] emulated by memoir.
Package titling [2008/07/23] emulated by memoir.
Package tocbibind [2008/07/23] emulated by memoir.
Package tocloft [2008/07/23] emulated by memoir.
Package verbatim [2008/07/23] emulated by memoir.
Package verse [2008/07/23] emulated by memoir.

(/usr/local/texlive/2008/texmf-dist/tex/latex/memoir/mempatch.sty
File: mempatch.sty 2008/07/23 v6.0 Patches for memoir class v1.6180339
))
(/usr/local/texlive/2008/texmf-dist/tex/latex/ltxmisc/url.sty
\Urlmuskip=\muskip10
Package: url 2006/04/12  ver 3.3  Verb mode for urls, etc.
)
(/usr/local/texlive/2008/texmf-dist/tex/latex/psnfss/courier.sty
Package: courier 2005/04/12 PSNFSS-v9.2a (WaS) 
)
(/usr/local/texlive/2008/texmf-dist/tex/latex/listings/listings.sty
(/usr/local/texlive/2008/texmf-dist/tex/latex/graphics/keyval.sty
Package: keyval 1999/03/16 v1.13 key=value parser (DPC)
\KV@toks@=\toks22
)
\lst@mode=\count135
\lst@gtempboxa=\box28
\lst@token=\toks23
\lst@length=\count136
\lst@currlwidth=\dimen147
\lst@column=\count137
\lst@pos=\count138
\lst@lostspace=\dimen148
\lst@width=\dimen149
\lst@newlines=\count139
\lst@lineno=\count140
\lst@maxwidth=\dimen150

(/usr/local/texlive/2008/texmf-dist/tex/latex/listings/lstmisc.sty
File: lstmisc.sty 2007/02/22 1.4 (Carsten Heinz)
\c@lstnumber=\count141
\lst@skipnumbers=\count142
\lst@framebox=\box29
)
(/usr/local/texlive/2008/texmf-dist/tex/latex/listings/listings.cfg
File: listings.cfg 2007/02/22 1.4 listings configuration
))
Package: listings 2007/02/22 1.4 (Carsten Heinz)

(/usr/local/texlive/2008/texmf-dist/tex/latex/graphics/graphicx.sty
Package: graphicx 1999/02/16 v1.0f Enhanced LaTeX Graphics (DPC,SPQR)

(/usr/local/texlive/2008/texmf-dist/tex/latex/graphics/graphics.sty
Package: graphics 2006/02/20 v1.0o Standard LaTeX Graphics (DPC,SPQR)

(/usr/local/texlive/2008/texmf-dist/tex/latex/graphics/trig.sty
Package: trig 1999/03/16 v1.09 sin cos tan (DPC)
)
(/usr/local/texlive/2008/texmf/tex/latex/config/graphics.cfg
File: graphics.cfg 2007/01/18 v1.5 graphics configuration of teTeX/TeXLive
)
Package graphics Info: Driver file: pdftex.def on input line 90.

(/usr/local/texlive/2008/texmf-dist/tex/latex/pdftex-def/pdftex.def
File: pdftex.def 2008/07/16 v0.04k Graphics/color for pdfTeX
\Gread@gobject=\count143
))
\Gin@req@height=\dimen151
\Gin@req@width=\dimen152
)
(/usr/local/texlive/2008/texmf-dist/tex/latex/multirow/multirow.sty
\bigstrutjot=\dimen153
)
(/usr/local/texlive/2008/texmf-dist/tex/latex/subfigure/subfigure.sty
Package: subfigure 2002/03/15 v2.1.5 subfigure package
\subfigtopskip=\skip172
\subfigcapskip=\skip173
\subfigcaptopadj=\dimen154
\subfigbottomskip=\skip174
\subfigcapmargin=\dimen155
\subfiglabelskip=\skip175
\c@subfigure=\count144


/usr/local/texlive/2008/texmf-dist/tex/latex/subfigure/subfigure.sty:124: LaTeX
 Error: Command \c@lofdepth already defined.
               Or name \end... illegal, see p.192 of the manual.

See the LaTeX manual or LaTeX Companion for explanation.
Type  H <return>  for immediate help.
 ...                                              
                                                  
l.124 \newcounter{lofdepth}
                           
Your command was ignored.
Type  I <command> <return>  to replace it with another command,
or  <return>  to continue without it.

\c@subtable=\count145

/usr/local/texlive/2008/texmf-dist/tex/latex/subfigure/subfigure.sty:137: LaTeX
 Error: Command \c@lotdepth already defined.
               Or name \end... illegal, see p.192 of the manual.

See the LaTeX manual or LaTeX Companion for explanation.
Type  H <return>  for immediate help.
 ...                                              
                                                  
l.137 \newcounter{lotdepth}
                           
Your command was ignored.
Type  I <command> <return>  to replace it with another command,
or  <return>  to continue without it.

****************************************
* Local config file subfigure.cfg used *
****************************************
(/usr/local/texlive/2008/texmf-dist/tex/latex/subfigure/subfigure.cfg)
\subfig@top=\skip176
\subfig@bottom=\skip177
)
(/usr/local/texlive/2008/texmf-dist/tex/latex/graphics/color.sty
Package: color 2005/11/14 v1.0j Standard LaTeX Color (DPC)

(/usr/local/texlive/2008/texmf/tex/latex/config/color.cfg
File: color.cfg 2007/01/18 v1.5 color configuration of teTeX/TeXLive
)
Package color Info: Driver file: pdftex.def on input line 130.
)
(/usr/local/texlive/2008/texmf-dist/tex/latex/oberdiek/pdflscape.sty
Package: pdflscape 2008/08/11 v0.10 Landscape pages in PDF (HO)

(/usr/local/texlive/2008/texmf-dist/tex/latex/graphics/lscape.sty
Package: lscape 2000/10/22 v3.01 Landscape Pages (DPC)
)
Package pdflscape Info: Auto-detected driver: pdftex on input line 75.
)
(/usr/local/texlive/2008/texmf-dist/tex/latex/hyperref/hyperref.sty
Package: hyperref 2008/08/14 v6.78f Hypertext links for LaTeX

(/usr/local/texlive/2008/texmf-dist/tex/generic/oberdiek/ifvtex.sty
Package: ifvtex 2007/09/09 v1.3 Switches for detecting VTeX and its modes (HO)
Package ifvtex Info: VTeX not detected.
)
(/usr/local/texlive/2008/texmf-dist/tex/latex/oberdiek/hycolor.sty
Package: hycolor 2008/08/01 v1.3 Code for color options of hyperref/bookmark (H
O)

(/usr/local/texlive/2008/texmf-dist/tex/latex/oberdiek/xcolor-patch.sty
Package: xcolor-patch 2008/08/01 xcolor patch
))
\@linkdim=\dimen156
\Hy@linkcounter=\count146
\Hy@pagecounter=\count147

(/usr/local/texlive/2008/texmf-dist/tex/latex/hyperref/pd1enc.def
File: pd1enc.def 2008/08/14 v6.78f Hyperref: PDFDocEncoding definition (HO)
)
(/usr/local/texlive/2008/texmf-dist/tex/generic/oberdiek/etexcmds.sty
Package: etexcmds 2007/12/12 v1.2 Prefix for e-TeX command names (HO)

(/usr/local/texlive/2008/texmf-dist/tex/generic/oberdiek/infwarerr.sty
Package: infwarerr 2007/09/09 v1.2 Providing info/warning/message (HO)
)
Package etexcmds Info: Could not find \expanded.
(etexcmds)             That can mean that you are not using pdfTeX 1.50 or
(etexcmds)             that some package has redefined \expanded.
(etexcmds)             In the latter case, load this package earlier.
)
(/usr/local/texlive/2008/texmf/tex/latex/config/hyperref.cfg
File: hyperref.cfg 2002/06/06 v1.2 hyperref configuration of TeXLive
)
(/usr/local/texlive/2008/texmf-dist/tex/latex/oberdiek/kvoptions.sty
Package: kvoptions 2007/10/18 v3.0 Keyval support for LaTeX options (HO)
)
Package hyperref Info: Hyper figures OFF on input line 2876.
Package hyperref Info: Link nesting OFF on input line 2881.
Package hyperref Info: Hyper index ON on input line 2884.
Package hyperref Info: Plain pages OFF on input line 2891.
Package hyperref Info: Backreferencing OFF on input line 2896.

Implicit mode ON; LaTeX internals redefined
Package hyperref Info: Bookmarks ON on input line 3086.
LaTeX Info: Redefining \url on input line 3272.
(/usr/local/texlive/2008/texmf-dist/tex/generic/oberdiek/bitset.sty
Package: bitset 2007/09/28 v1.0 Data type bit set (HO)

(/usr/local/texlive/2008/texmf-dist/tex/generic/oberdiek/intcalc.sty
Package: intcalc 2007/09/27 v1.1 Expandable integer calculations (HO)
)
(/usr/local/texlive/2008/texmf-dist/tex/generic/oberdiek/bigintcalc.sty
Package: bigintcalc 2007/11/11 v1.1 Expandable big integer calculations (HO)

(/usr/local/texlive/2008/texmf-dist/tex/generic/oberdiek/pdftexcmds.sty
Package: pdftexcmds 2007/12/12 v0.3 LuaTeX support for pdfTeX utility functions
 (HO)
Package pdftexcmds Info: LuaTeX not detected on input line 139.
)))
(/usr/local/texlive/2008/texmf-dist/tex/generic/oberdiek/kvsetkeys.sty
Package: kvsetkeys 2007/09/29 v1.3 Key value parser with default handler suppor
t (HO)
)
\Fld@menulength=\count148
\Field@Width=\dimen157
\Fld@charsize=\dimen158
\Field@toks=\toks24
Package hyperref Info: Hyper figures OFF on input line 4189.
Package hyperref Info: Link nesting OFF on input line 4194.
Package hyperref Info: Hyper index ON on input line 4197.
Package hyperref Info: backreferencing OFF on input line 4204.
Package hyperref Info: Link coloring OFF on input line 4209.
Package hyperref Info: Link coloring with OCG OFF on input line 4214.
Package hyperref Info: PDF/A mode OFF on input line 4219.

(/usr/local/texlive/2008/texmf-dist/tex/generic/oberdiek/atbegshi.sty
Package: atbegshi 2008/07/31 v1.9 At begin shipout hook (HO)
)
\Hy@abspage=\count149
\c@Item=\count150
)
(/usr/local/texlive/2008/texmf-dist/tex/latex/memoir/memhfixc.sty
Package: memhfixc 2006/11/22 v1.9 nameref/hyperref package fixes for memoir cla
ss
\c@memhycontfloat=\count151
)
*hyperref using default driver hpdftex*
(/usr/local/texlive/2008/texmf-dist/tex/latex/hyperref/hpdftex.def
File: hpdftex.def 2008/08/14 v6.78f Hyperref driver for pdfTeX
\Fld@listcount=\count152
)
\@input{university_regulations.aux}
\openout2 = `university_regulations.aux'.

(./university_regulations.tex)
\@input{front_matter_commands.aux}
\openout2 = `front_matter_commands.aux'.

(./front_matter_commands.tex)
\@input{Listings/listings.aux}
\openout2 = `Listings/listings.aux'.

(./Listings/listings.tex (./Listings/common.tex) (./Listings/atl.tex)
(./Listings/cope.tex) (./Listings/flock.tex) (./Listings/hutn_families.tex)
(./Listings/fptc.tex) (./Listings/eol.tex) (./Listings/etl.tex)
(./Listings/evl.tex) (./Listings/egl.tex) (./Listings/emftext.tex)
(./Listings/emfatic.tex))
\@input{symbols.aux}
\openout2 = `symbols.aux'.

(./symbols.tex (/usr/local/texlive/2008/texmf-dist/tex/latex/psnfss/pifont.sty
Package: pifont 2005/04/12 PSNFSS-v9.2a Pi font support (SPQR) 
LaTeX Font Info:    Try loading font information for U+pzd on input line 63.

(/usr/local/texlive/2008/texmf-dist/tex/latex/psnfss/upzd.fd
File: upzd.fd 2001/06/04 font definitions for U/pzd.
)
LaTeX Font Info:    Try loading font information for U+psy on input line 64.

(/usr/local/texlive/2008/texmf-dist/tex/latex/psnfss/upsy.fd
File: upsy.fd 2001/06/04 font definitions for U/psy.
)))
\@input{title.aux}
\openout2 = `title.aux'.

(./title.tex) (./thesis.aux (./0.FrontMatter/front_matter.aux)
(./1.Introduction/introduction.aux) (./2.Background/background.aux)
(./3.LiteratureReview/literature_review.aux) (./4.Analysis/analysis.aux)
(./5.Implementation/implementation.aux) (./6.Evaluation/evaluation.aux)
(./7.Conclusion/conclusion.aux) (./A.2.ProcessOriented/process_oriented.aux)
(./A.3.MigrationStrategies/migration_strategies.aux)
(./A.4.TTCScores/ttc_scores.aux))
\openout1 = `thesis.aux'.

LaTeX Font Info:    Checking defaults for OML/cmm/m/it on input line 29.
LaTeX Font Info:    ... okay on input line 29.
LaTeX Font Info:    Checking defaults for T1/cmr/m/n on input line 29.
LaTeX Font Info:    ... okay on input line 29.
LaTeX Font Info:    Checking defaults for OT1/cmr/m/n on input line 29.
LaTeX Font Info:    ... okay on input line 29.
LaTeX Font Info:    Checking defaults for OMS/cmsy/m/n on input line 29.
LaTeX Font Info:    ... okay on input line 29.
LaTeX Font Info:    Checking defaults for OMX/cmex/m/n on input line 29.
LaTeX Font Info:    ... okay on input line 29.
LaTeX Font Info:    Checking defaults for U/cmr/m/n on input line 29.
LaTeX Font Info:    ... okay on input line 29.
LaTeX Font Info:    Checking defaults for PD1/pdf/m/n on input line 29.
LaTeX Font Info:    ... okay on input line 29.
\c@lstlisting=\count153

(/usr/local/texlive/2008/texmf-dist/tex/context/base/supp-pdf.tex
[Loading MPS to PDF converter (version 2006.09.02).]
\scratchcounter=\count154
\scratchdimen=\dimen159
\scratchbox=\box30
\nofMPsegments=\count155
\nofMParguments=\count156
\everyMPshowfont=\toks25
\MPscratchCnt=\count157
\MPscratchDim=\dimen160
\MPnumerator=\count158
\everyMPtoPDFconversion=\toks26
)
Package hyperref Info: Link coloring OFF on input line 29.
 (/usr/local/texlive/2008/texmf-dist/tex/latex/hyperref/nameref.sty
Package: nameref 2007/05/29 v2.31 Cross-referencing by name of section

(/usr/local/texlive/2008/texmf-dist/tex/latex/oberdiek/refcount.sty
Package: refcount 2008/08/11 v3.1 Data extraction from references (HO)
)
\c@section@level=\count159
)
LaTeX Info: Redefining \ref on input line 29.
LaTeX Info: Redefining \pageref on input line 29.

(./thesis.out) (./thesis.out)
\@outlinefile=\write4
\openout4 = `thesis.out'.

\AtBeginShipoutBox=\box31

Redoing nameref's sectioning
Redoing nameref's label
\openout2 = `3.LiteratureReview/literature_review.aux'.

(./3.LiteratureReview/literature_review.tex [40


















]

Class memoir Warning: The \it font command is deprecated. 
(memoir)              Use \textit{...} or {\itshape... } instead on input line 
11.

[41{/usr/local/texlive/2008/texmf-var/fonts/map/pdftex/updmap/pdftex.map}]
LaTeX Font Info:    Try loading font information for OMS+cmr on input line 17.

(/usr/local/texlive/2008/texmf-dist/tex/latex/base/omscmr.fd
File: omscmr.fd 1999/05/25 v2.5h Standard LaTeX font definitions
)
LaTeX Font Info:    Font shape `OMS/cmr/m/n' in size <10.95> not available
(Font)              Font shape `OMS/cmsy/m/n' tried instead on input line 17.

Overfull \hbox (73.3704pt too wide) in paragraph at lines 25--26
\OT1/cmr/m/n/10.95 Software evo-lu-tion is man-aged us-ing var-i-ous de-vel-op-
ment ac-tiv-i-ties. [[]]
 []

[42]
LaTeX Font Info:    External font `cmex10' loaded for size
(Font)              <10.95> on input line 35.
LaTeX Font Info:    External font `cmex10' loaded for size
(Font)              <8> on input line 35.
LaTeX Font Info:    External font `cmex10' loaded for size
(Font)              <6> on input line 35.
LaTeX Font Info:    External font `cmex10' loaded for size
(Font)              <9> on input line 35.
LaTeX Font Info:    External font `cmex10' loaded for size
(Font)              <5> on input line 35.

Underfull \vbox (badness 10000) has occurred while \output is active []

 [43]
Overfull \hbox (6.90994pt too wide) in paragraph at lines 44--45
\OT1/cmr/m/n/10.95 the in-ter-nal qual-ity of a sys-tem (per-fec-tive soft-ware
 evo-lu-tion). [[]]
 []

[44]
Overfull \hbox (70.03473pt too wide) in paragraph at lines 55--56
\OT1/cmr/m/n/10.95 creas-ingly trace-abil-ity is used for arte-facts other than
 re-quire-ments [[]].
 []


Overfull \hbox (1.94905pt too wide) in paragraph at lines 57--58
[]\OT1/cmr/m/n/10.95 The trace-abil-ity lit-er-a-ture uses in-con-sis-tent ter-
mi-nol-ogy. This the-sis adopts
 []


<3.LiteratureReview/images/traceability_links.pdf, id=156, 354.98764pt x 291.28
514pt>
File: 3.LiteratureReview/images/traceability_links.pdf Graphic file (type pdf)
 <use 3.LiteratureReview/images/traceability_links.pdf>
Overfull \hbox (47.44702pt too wide) in paragraph at lines 72--73
\OT1/cmr/m/n/10.95 not per-form au-to-matic up-dates, while [[], []]
 []


Overfull \hbox (3.39174pt too wide) in paragraph at lines 74--75
\OT1/cmr/m/n/10.95 well suited to the evo-lu-tion of [trace-abil-ity] arte-fact
s'' [[],
 []

[45]
Underfull \vbox (badness 1484) has occurred while \output is active []

 [46 <./3.LiteratureReview/images/traceability_links.pdf>]
LaTeX Font Info:    Try loading font information for OT1+pcr on input line 90.

(/usr/local/texlive/2008/texmf-dist/tex/latex/psnfss/ot1pcr.fd
File: ot1pcr.fd 2001/06/04 font definitions for OT1/pcr.
)
Overfull \hbox (1.7463pt too wide) in paragraph at lines 97--98
[]\OT1/cmr/m/n/10.95 Lisp makes id-iomatic some of the For-tran List Pro-cess-i
ng Lan-guage (FLPL)
 []

[47]
Overfull \hbox (73.59521pt too wide) in paragraph at lines 109--110
\OT1/cmr/m/n/10.95 re-la-tional database sys-tems (e.g. in [[], []]),
 []

[48]
Overfull \hbox (19.41835pt too wide) in paragraph at lines 127--128
[]\OT1/cmr/m/n/10.95 As noted in [[]], the ap-proaches de-scribed in [[],
 []

[49]
Overfull \hbox (90.43413pt too wide) in paragraph at lines 132--133
\OT1/cmr/m/n/10.95 mon for sup-port-ing re-la-tional database schema evo-lu-tio
n (e.g. [[],
 []

[50]
Overfull \hbox (1.64783pt too wide) in paragraph at lines 142--143
\OT1/cmr/m/n/10.95 ar-chi-tec-ture typ-i-cal of a re-la-tional database man-age
-ment sys-tem. They demon-
 []


Underfull \vbox (badness 10000) has occurred while \output is active []

 [51]
Overfull \hbox (20.4525pt too wide) in paragraph at lines 155--156
[]\OT1/cmr/m/n/10.95 [[]] recog-nise and seek to ad-dress the chal-lenge of gra
mmar-
 []

[52] [53] [54]
<3.LiteratureReview/images/emf_refactor_lhs.pdf, id=370, 298.83914pt x 92.4245p
t>
File: 3.LiteratureReview/images/emf_refactor_lhs.pdf Graphic file (type pdf)
 <use 3.LiteratureReview/images/emf_refactor_lhs.pdf>
<3.LiteratureReview/images/emf_refactor_rhs.pdf, id=371, 296.52852pt x 173.2959
3pt>
File: 3.LiteratureReview/images/emf_refactor_rhs.pdf Graphic file (type pdf)
 <use 3.LiteratureReview/images/emf_refactor_rhs.pdf>
Overfull \hbox (0.4622pt too wide) in paragraph at lines 209--210
[]\OT1/cmr/m/n/10.95 [[]] and [[]] fo-cus on refac-tor-ing a model
 []

[55]
Overfull \hbox (10.43828pt too wide) in paragraph at lines 219--220
\OT1/cmr/m/n/10.95 ex-tend or in-stru-ment ex-ist-ing model-to-model trans-for-
ma-tion lan-guages. Declar-
 []


Overfull \hbox (11.85945pt too wide) in paragraph at lines 219--220
\OT1/cmr/m/n/10.95 directional trans-for-ma-tions (which [[]] de-scribe as trac
eability-
 []

[56 <./3.LiteratureReview/images/emf_refactor_lhs.pdf> <./3.LiteratureReview/im
ages/emf_refactor_rhs.pdf>]
<3.LiteratureReview/images/retransformation.pdf, id=481, 156.30023pt x 149.3706
5pt>
File: 3.LiteratureReview/images/retransformation.pdf Graphic file (type pdf)
 <use 3.LiteratureReview/images/retransformation.pdf>
<3.LiteratureReview/images/live_transformation.pdf, id=482, 160.91989pt x 149.3
7065pt>
File: 3.LiteratureReview/images/live_transformation.pdf Graphic file (type pdf)

 <use 3.LiteratureReview/images/live_transformation.pdf>
Underfull \hbox (badness 1708) in paragraph at lines 235--235
[]\OT1/cmr/m/n/10.95 Figure 3.3: []Approaches to in-cre-men-tal trans-for-ma-ti
on. Taken from
 []

[57 <./3.LiteratureReview/images/retransformation.pdf> <./3.LiteratureReview/im
ages/live_transformation.pdf>]
<3.LiteratureReview/images/impact_analysis_pattern.pdf, id=580, 446.71843pt x 4
57.50133pt>
File: 3.LiteratureReview/images/impact_analysis_pattern.pdf Graphic file (type 
pdf)
 <use 3.LiteratureReview/images/impact_analysis_pattern.pdf>
Underfull \vbox (badness 1596) has occurred while \output is active []

 [58]
Overfull \hbox (41.57657pt too wide) in paragraph at lines 263--264
\OT1/cmr/m/n/10.95 the refac-tor-ing func-tion-al-ity of the Eclipse Java De-ve
l-op-ment Tools [[]]. 
 []


Underfull \vbox (badness 10000) has occurred while \output is active []

 [59 <./3.LiteratureReview/images/impact_analysis_pattern.pdf>]
Underfull \vbox (badness 3439) has occurred while \output is active []

 [60]
Overfull \hbox (82.47691pt too wide) in paragraph at lines 280--281
\OT1/cmr/m/n/10.95 por-tant for for-mu-lat-ing the re-quire-ments for co-evolut
ion tools. [[]]
 []


Overfull \hbox (9.20992pt too wide) in paragraph at lines 283--284
\OT1/cmr/m/n/10.95 meta-model changes made [[], [],
 []


Overfull \hbox (61.46544pt too wide) in paragraph at lines 283--284
\OT1/cmr/m/n/10.95 guided by a de-vel-oper (\OT1/cmr/m/it/10.95 break-ing and n
on-resolvable \OT1/cmr/m/n/10.95 change). [[]]
 []


Overfull \hbox (71.40524pt too wide) in paragraph at lines 285--286
\OT1/cmr/m/n/10.95 cause au-to-mated co-evolution ap-proaches are built atop th
em. [[]]
 []


Underfull \vbox (badness 10000) has occurred while \output is active []

 [61]
<3.LiteratureReview/images/CoEvoProcess.png, id=693, 424.58624pt x 340.27126pt>
File: 3.LiteratureReview/images/CoEvoProcess.png Graphic file (type png)
<use 3.LiteratureReview/images/CoEvoProcess.png>
Overfull \hbox (39.46776pt too wide) in paragraph at lines 303--304
\OT1/cmr/m/n/10.95 ing the mi-gra-tion strat-egy (the penul-ti-mate phase in Fi
g-ure []3.5[]). [[]]
 []

[62 <./3.LiteratureReview/images/CoEvoProcess.png>]
Overfull \hbox (5.29779pt too wide) in paragraph at lines 305--306
\OT1/cmr/m/n/10.95 such, it is not clear whether the ap-proach can be used in g
en-eral. [[]]
 []


Overfull \hbox (2.12614pt too wide) in paragraph at lines 312--313
\OT1/cmr/m/n/10.95 Mod-elling Frame-work [[]] can-not load mod-els that no long
er
 []

[63]
<3.LiteratureReview/images/transformation-chain.png, id=737, 1215.54124pt x 103
8.88126pt>
File: 3.LiteratureReview/images/transformation-chain.png Graphic file (type png
)
 <use 3.LiteratureReview/images/transformation-chain.png>
Underfull \hbox (badness 10000) in paragraph at lines 325--325
[]\OT1/cmr/m/n/10.95 Figure 3.6: []Visualising a trans-for-ma-tion chain. Taken
 from
 []

[64 <./3.LiteratureReview/images/transformation-chain.png (PNG copy)>]
Overfull \hbox (24.44179pt too wide) in paragraph at lines 334--335
\OT1/cmr/m/n/10.95 mo-ti-va-tion of most model syn-chro-ni-sa-tion re-search. H
ow-ever, [[]]
 []


Overfull \hbox (0.50394pt too wide) in paragraph at lines 334--335
\OT1/cmr/m/n/10.95 of a sys-tem via mod-u-lar-i-sa-tion. Build-ing on the work 
by [[]],
 []


Overfull \hbox (12.76733pt too wide) in paragraph at lines 336--337
\OT1/cmr/bx/n/10.95 Model-Metamodel Co-evolution Chal-lenges[] \OT1/cmr/m/n/10.
95 To bet-ter un-der-stand model-
 []

[65]
Overfull \hbox (9.76071pt too wide) in paragraph at lines 348--349
\OT1/cmr/m/n/10.95 gram refac-tor-ing ([[], [], [],
 []

[66]) [67] (./thesis.bbl
bibitemlist
Missing character: There is no ‚ in font cmr10!
Missing character: There is no Ä in font cmr10!
Missing character: There is no ì in font cmr10!
[287










] [288] [289]
Underfull \hbox (badness 1694) in paragraph at lines 227--233
[]$ []$ \OT1/cmr/m/n/10.95 Sergey Dmitriev.  Lan-guage ori-ented pro-gram-ming:

 []

[290]
Underfull \hbox (badness 1939) in paragraph at lines 333--339
[]$ []$ \OT1/cmr/m/n/10.95 Mar-tin Fowler.  Lan-guage work-benches: The killer-

 []

[291] [292]
Underfull \hbox (badness 1436) in paragraph at lines 451--456
[]$ []$ \OT1/cmr/m/n/10.95 M. Her-rmanns-do-er-fer, D. Ratiu, and
 []


Underfull \hbox (badness 1067) in paragraph at lines 464--470
[]$ []$ \OT1/cmr/m/n/10.95 Markus Her-rmanns-do-er-fer, Sander Ver-
 []


Underfull \hbox (badness 1137) in paragraph at lines 471--476
\OT1/cmr/m/n/10.95 USA. [Ac-cessed 07 Septem-ber 2009] Avail-able at: []$\OT1/p
cr/m/n/10.95 http : / / www .
 []

[293] [294]
Underfull \hbox (badness 2080) in paragraph at lines 564--569
[]$ []$ \OT1/cmr/m/n/10.95 Dim-itrios S. Kolovos, Richard F. Paige, and
 []


Underfull \hbox (badness 1990) in paragraph at lines 570--576
[]$ []$ \OT1/cmr/m/n/10.95 Dim-itrios S. Kolovos, Richard F. Paige, and
 []


Underfull \hbox (badness 2165) in paragraph at lines 577--582
[]$ []$ \OT1/cmr/m/n/10.95 Dim-itrios S. Kolovos, Richard F. Paige, and
 []


Underfull \hbox (badness 1990) in paragraph at lines 601--607
[]$ []$ \OT1/cmr/m/n/10.95 Dim-itrios S. Kolovos, Richard F. Paige, and
 []


Underfull \hbox (badness 2165) in paragraph at lines 608--613
[]$ []$ \OT1/cmr/m/n/10.95 Dim-itrios S. Kolovos, Richard F. Paige, and
 []


Underfull \hbox (badness 1558) in paragraph at lines 614--621
\OT1/cmr/m/n/10.95 mit Eu-rope, Oc-to-ber 2009, Lud-wigs-burg, Ger-many. Avail-
able at:
 []


Underfull \hbox (badness 10000) in paragraph at lines 614--621
[]$\OT1/pcr/m/n/10.95 https : / / www . eclipsecon . org / submissions / ese200
9 / view _
 []

[295] [296] [297]
Missing character: There is no Ô in font cmr10!
Missing character: There is no ¨ in font cmr10!
Missing character: There is no Å in font cmr10!
 [298] [299] [300]
Missing character: There is no ‚ in font cmr10!
Missing character: There is no Ä in font cmr10!
Missing character: There is no ô in font cmr10!
 [301] [302]) [303] (./thesis.aux
(./0.FrontMatter/front_matter.aux) (./1.Introduction/introduction.aux)
(./2.Background/background.aux) (./3.LiteratureReview/literature_review.aux)
(./4.Analysis/analysis.aux) (./5.Implementation/implementation.aux)
(./6.Evaluation/evaluation.aux) (./7.Conclusion/conclusion.aux)
(./A.2.ProcessOriented/process_oriented.aux)
(./A.3.MigrationStrategies/migration_strategies.aux)
(./A.4.TTCScores/ttc_scores.aux))

LaTeX Warning: Label(s) may have changed. Rerun to get cross-references right.

 ) 
Here is how much of TeX's memory you used:
 9466 strings out of 493886
 140662 string characters out of 1151098
 280147 words of memory out of 3000000
 12224 multiletter control sequences out of 10000+50000
 12622 words of font info for 43 fonts, out of 3000000 for 5000
 714 hyphenation exceptions out of 8191
 40i,11n,40p,1671b,392s stack positions out of 5000i,500n,10000p,200000b,50000s
pdfTeX warning (dest): name{section.1.5} has been referenced but does not exi
st, replaced by a fixed one

pdfTeX warning (dest): name{chapter.5} has been referenced but does not exist, 
replaced by a fixed one

pdfTeX warning (dest): name{chapter.4} has been referenced but does not exist, 
replaced by a fixed one

pdfTeX warning (dest): name{subsection.2.3.2} has been referenced but does not 
exist, replaced by a fixed one

pdfTeX warning (dest): name{chapter.1} has been referenced but does not exist, 
replaced by a fixed one

pdfTeX warning (dest): name{section*.36} has been referenced but does not exist
, replaced by a fixed one

pdfTeX warning (dest): name{subsection.2.1.4} has been referenced but does not 
exist, replaced by a fixed one

pdfTeX warning (dest): name{section*.91} has been referenced but does not exist
, replaced by a fixed one

pdfTeX warning (dest): name{section.6.6} has been referenced but does not exist
, replaced by a fixed one

pdfTeX warning (dest): name{section.6.5} has been referenced but does not exist
, replaced by a fixed one

pdfTeX warning (dest): name{section.6.4} has been referenced but does not exist
, replaced by a fixed one

pdfTeX warning (dest): name{section.6.3} has been referenced but does not exist
, replaced by a fixed one

pdfTeX warning (dest): name{section.6.2} has been referenced but does not exist
, replaced by a fixed one

pdfTeX warning (dest): name{section.6.1} has been referenced but does not exist
, replaced by a fixed one

pdfTeX warning (dest): name{chapter.6} has been referenced but does not exist, 
replaced by a fixed one

{/usr/local/texlive/2008/texmf-dist/fonts/enc/dvips/base/8r.enc}</usr/local/tex
live/2008/texmf-dist/fonts/type1/bluesky/cm/cmbx10.pfb></usr/local/texlive/2008
/texmf-dist/fonts/type1/bluesky/cm/cmbx12.pfb></usr/local/texlive/2008/texmf-di
st/fonts/type1/bluesky/cm/cmbx9.pfb></usr/local/texlive/2008/texmf-dist/fonts/t
ype1/bluesky/cm/cmmi10.pfb></usr/local/texlive/2008/texmf-dist/fonts/type1/blue
sky/cm/cmr10.pfb></usr/local/texlive/2008/texmf-dist/fonts/type1/bluesky/cm/cmr
6.pfb></usr/local/texlive/2008/texmf-dist/fonts/type1/bluesky/cm/cmr8.pfb></usr
/local/texlive/2008/texmf-dist/fonts/type1/bluesky/cm/cmr9.pfb></usr/local/texl
ive/2008/texmf-dist/fonts/type1/bluesky/cm/cmsl10.pfb></usr/local/texlive/2008/
texmf-dist/fonts/type1/bluesky/cm/cmsy10.pfb></usr/local/texlive/2008/texmf-dis
t/fonts/type1/bluesky/cm/cmti10.pfb></usr/local/texlive/2008/texmf-dist/fonts/t
ype1/bluesky/cm/cmti8.pfb></usr/local/texlive/2008/texmf-dist/fonts/type1/blues
ky/cm/cmti9.pfb></usr/local/texlive/2008/texmf-dist/fonts/type1/public/cm-super
/sfbx0900.pfb></usr/local/texlive/2008/texmf-dist/fonts/type1/public/cm-super/s
fbx1000.pfb></usr/local/texlive/2008/texmf-dist/fonts/type1/public/cm-super/sfb
x1200.pfb></usr/local/texlive/2008/texmf-dist/fonts/type1/public/cm-super/sfrm0
900.pfb></usr/local/texlive/2008/texmf-dist/fonts/type1/public/cm-super/sfrm100
0.pfb></usr/local/texlive/2008/texmf-dist/fonts/type1/public/cm-super/sfti1000.
pfb></usr/local/texlive/2008/texmf-dist/fonts/type1/public/cm-super/sftt1000.pf
b></usr/local/texlive/2008/texmf-dist/fonts/type1/urw/courier/ucrr8a.pfb>
Output written on thesis.pdf (45 pages, 2835623 bytes).
PDF statistics:
 1135 PDF objects out of 1200 (max. 8388607)
 296 named destinations out of 1000 (max. 131072)
 121 words of extra memory for PDF output out of 10000 (max. 10000000)

