This is pdfTeX, Version 3.1415926-1.40.11 (TeX Live 2010) (format=pdflatex 2011.7.15)  12 AUG 2011 18:02
entering extended mode
 \write18 enabled.
 file:line:error style messages enabled.
 %&-line parsing enabled.
**thesis.tex
(./thesis.tex
LaTeX2e <2009/09/24>
Babel <v3.8l> and hyphenation patterns for english, dumylang, nohyphenation, ge
rman-x-2009-06-19, ngerman-x-2009-06-19, ancientgreek, ibycus, arabic, armenian
, basque, bulgarian, catalan, pinyin, coptic, croatian, czech, danish, dutch, u
kenglish, usenglishmax, esperanto, estonian, farsi, finnish, french, galician, 
german, ngerman, swissgerman, monogreek, greek, hungarian, icelandic, assamese,
 bengali, gujarati, hindi, kannada, malayalam, marathi, oriya, panjabi, tamil, 
telugu, indonesian, interlingua, irish, italian, kurmanji, lao, latin, latvian,
 lithuanian, mongolian, mongolianlmc, bokmal, nynorsk, polish, portuguese, roma
nian, russian, sanskrit, serbian, slovak, slovenian, spanish, swedish, turkish,
 turkmen, ukrainian, uppersorbian, welsh, loaded.
(/usr/local/texlive/2010/texmf-dist/tex/latex/memoir/memoir.cls
Document Class: memoir 2010/07/01 v3.6d configurable book, report, article docu
ment class
\onelineskip=\skip41
\lxvchars=\skip42
\xlvchars=\skip43
\@memcnta=\count79
\c@@memmarkcntra=\count80
(/usr/local/texlive/2010/texmf-dist/tex/generic/oberdiek/ifpdf.sty
Package: ifpdf 2010/01/28 v2.1 Provides the ifpdf switch (HO)
Package ifpdf Info: pdfTeX in pdf mode detected.
)
Class memoir Info: An `ifetex' package is being emulated on input line 251.

(/usr/local/texlive/2010/texmf-dist/tex/generic/ifxetex/ifxetex.sty
Package: ifxetex 2009/01/23 v0.5 Provides ifxetex conditional
)
(/usr/local/texlive/2010/texmf-dist/tex/generic/oberdiek/ifluatex.sty
Package: ifluatex 2010/03/01 v1.3 Provides the ifluatex switch (HO)
Package ifluatex Info: LuaTeX not detected.
)
\stockheight=\skip44
\stockwidth=\skip45
\trimtop=\skip46
\trimedge=\skip47

(/usr/local/texlive/2010/texmf-dist/tex/latex/etex-pkg/etex.sty
Package: etex 1998/03/26 v2.0 eTeX basic definition package (PEB)
\et@xins=\count81
)
(/usr/local/texlive/2010/texmf-dist/tex/latex/memoir/mem11.clo
File: mem11.clo 2008/01/30 v0.3 memoir class 11pt size option
)
\binding=\skip48
\spinemargin=\skip49
\foremargin=\skip50
\uppermargin=\skip51
\lowermargin=\skip52
\headdrop=\skip53
\normalrulethickness=\skip54
\headwidth=\skip55
\c@storedpagenumber=\count82
\memPD=\dimen102
\m@mabparskip=\skip56
\thanksmarkwidth=\skip57
\thanksmarksep=\skip58
\droptitle=\skip59
\c@book=\count83
\c@part=\count84
\c@chapter=\count85
\c@section=\count86
\c@subsection=\count87
\c@subsubsection=\count88
\c@paragraph=\count89
\c@subparagraph=\count90
\beforechapskip=\skip60
\midchapskip=\skip61
\afterchapskip=\skip62
\chapindent=\skip63
\bottomsectionskip=\skip64
\secindent=\skip65
\beforesecskip=\skip66
\aftersecskip=\skip67
\subsecindent=\skip68
\beforesubsecskip=\skip69
\aftersubsecskip=\skip70
\subsubsecindent=\skip71
\beforesubsubsecskip=\skip72
\aftersubsubsecskip=\skip73
\paraindent=\skip74
\beforeparaskip=\skip75
\afterparaskip=\skip76
\subparaindent=\skip77
\beforesubparaskip=\skip78
\aftersubparaskip=\skip79
\pfbreakskip=\skip80
\c@@ppsavesec=\count91
\c@@ppsaveapp=\count92
\ragrparindent=\dimen103
\everylistparindent=\dimen104
\parsepi=\skip81
\topsepi=\skip82
\itemsepi=\skip83
\parsepii=\skip84
\topsepii=\skip85
\topsepiii=\skip86
\itemsepii=\skip87
\itemsepiii=\skip88
\partopsepii=\skip89
\partopsepiii=\skip90
\m@msavetopsep=\skip91
\m@msavepartopsep=\skip92
\@enLab=\toks14
\abstitleskip=\skip93
\absleftindent=\skip94
\abs@leftindent=\dimen105
\absrightindent=\skip95
\absparindent=\skip96
\absparsep=\skip97
\c@vslineno=\count93
\c@poemline=\count94
\c@modulo@vs=\count95
\c@memfvsline=\count96
\vleftskip=\skip98
\vrightskip=\skip99
\stanzaskip=\skip100
\versewidth=\skip101
\vgap=\skip102
\vindent=\skip103
\vleftmargin=\dimen106
\c@verse=\count97
\c@chrsinstr=\count98
\beforepoemtitleskip=\skip104
\afterpoemtitleskip=\skip105
\c@poem=\count99
\beforePoemTitleskip=\skip106
\midPoemTitleskip=\skip107
\afterPoemTitleskip=\skip108
\col@sep=\dimen107
\extrarowheight=\dimen108
\NC@list=\toks15
\extratabsurround=\skip109
\backup@length=\skip110
\TX@col@width=\dimen109
\TX@old@table=\dimen110
\TX@old@col=\dimen111
\TX@target=\dimen112
\TX@delta=\dimen113
\TX@cols=\count100
\TX@ftn=\toks16
\heavyrulewidth=\dimen114
\lightrulewidth=\dimen115
\cmidrulewidth=\dimen116
\belowrulesep=\dimen117
\belowbottomsep=\dimen118
\aboverulesep=\dimen119
\abovetopsep=\dimen120
\cmidrulesep=\dimen121
\cmidrulekern=\dimen122
\defaultaddspace=\dimen123
\@cmidla=\count101
\@cmidlb=\count102
\@aboverulesep=\dimen124
\@belowrulesep=\dimen125
\@thisruleclass=\count103
\@lastruleclass=\count104
\@thisrulewidth=\dimen126
\ctableftskip=\skip111
\ctabrightskip=\skip112
\abovecolumnspenalty=\count105
\@linestogo=\count106
\@cellstogo=\count107
\@cellsincolumn=\count108
\crtok=\toks17
\@mincolumnwidth=\dimen127
\c@newflo@tctr=\count109
\@contcwidth=\skip113
\@contindw=\skip114
\abovecaptionskip=\skip115
\belowcaptionskip=\skip116
\subfloattopskip=\skip117
\subfloatcapskip=\skip118
\subfloatcaptopadj=\skip119
\subfloatbottomskip=\skip120
\subfloatlabelskip=\skip121
\subfloatcapmargin=\dimen128
\c@@contsubnum=\count110
\m@mscap@capbox=\box26
\m@mscap@fbox=\box27
\sidecapsep=\dimen129
\sidecapwidth=\dimen130
\m@m@tempdima=\dimen131
\m@mscapraise=\dimen132
\sidecapraise=\dimen133
\m@mscapmainwidth=\dimen134
\m@mscaplkern=\dimen135
\beforeepigraphskip=\skip122
\afterepigraphskip=\skip123
\epigraphwidth=\skip124
\epigraphrule=\skip125
LaTeX Info: Redefining \em on input line 7093.
LaTeX Info: Redefining \emph on input line 7101.
\tocentryskip=\skip126
\tocbaseline=\skip127
\cftparskip=\skip128
\cftbeforebookskip=\skip129
\cftbookindent=\dimen136
\cftbooknumwidth=\dimen137
\cftbeforepartskip=\skip130
\cftpartindent=\skip131
\cftpartnumwidth=\skip132
\cftbeforechapterskip=\skip133
\cftchapterindent=\skip134
\cftchapternumwidth=\skip135
\cftbeforesectionskip=\skip136
\cftsectionindent=\skip137
\cftsectionnumwidth=\skip138
\cftbeforesubsectionskip=\skip139
\cftsubsectionindent=\skip140
\cftsubsectionnumwidth=\skip141
\cftbeforesubsubsectionskip=\skip142
\cftsubsubsectionindent=\skip143
\cftsubsubsectionnumwidth=\skip144
\cftbeforeparagraphskip=\skip145
\cftparagraphindent=\skip146
\cftparagraphnumwidth=\skip147
\cftbeforesubparagraphskip=\skip148
\cftsubparagraphindent=\skip149
\cftsubparagraphnumwidth=\skip150
\prechapterprecisshift=\dimen138
\c@maxsecnumdepth=\count111
\bibindent=\dimen139
\bibitemsep=\skip151
\indexcolsep=\skip152
\indexrule=\skip153
\indexmarkstyle=\toks18
\@indexbox=\insert233
\glossarycolsep=\dimen140
\glossaryrule=\dimen141
\sideparvshift=\skip154
\sideins=\insert232
\sidebartopsep=\skip155
\sidebarhsep=\skip156
\sidebarvsep=\skip157
\sidebarwidth=\skip158
\footmarkwidth=\skip159
\footmarksep=\skip160
\footparindent=\skip161
\footinsdim=\skip162
\footinsv@r=\insert231
\@mpfootinsv@r=\insert230
\m@m@k=\count112
\m@m@h=\dimen142
\m@mipn@skip=\skip163
\sidefootins=\insert229
\sidefootadjust=\skip164
\sidefootheight=\skip165
\sidefoothsep=\skip166
\sidefootvsep=\skip167
\sidefootwidth=\skip168
\m@mdownsf=\skip169
\c@sidefootnote=\count113
\sidefootmarkwidth=\skip170
\sidefootmarksep=\skip171
\sidefootparindent=\skip172
\c@pagenote=\count114
\every@verbatim=\toks19
\afterevery@verbatim=\toks20
\verbatim@line=\toks21
\tab@position=\count115
\verbatim@in@stream=\read1
\verbatimindent=\skip173
\verbatim@out=\write3
\bvboxsep=\skip174
\c@memfbvline=\count116
\c@bvlinectr=\count117
\bvnumlength=\skip175
\fb@frw=\dimen143
\fb@frh=\dimen144
\FrameRule=\dimen145
\FrameSep=\dimen146
\c@cp@cntr=\count118
LaTeX Info: Redefining \: on input line 11437.
LaTeX Info: Redefining \! on input line 11439.
\c@ism@mctr=\count119
\c@xsm@mctr=\count120
\c@csm@mctr=\count121
\c@ksm@mctr=\count122
\c@xksm@mctr=\count123
\c@cksm@mctr=\count124
\c@msm@mctr=\count125
\c@xmsm@mctr=\count126
\c@cmsm@mctr=\count127
\c@bsm@mctr=\count128
\c@workm@mctr=\count129
\c@sheetsequence=\count130
\c@lastsheet=\count131
\c@lastpage=\count132
\c@figure=\count133
\c@lofdepth=\count134
\cftbeforefigureskip=\skip176
\cftfigureindent=\skip177
\cftfigurenumwidth=\skip178
\c@table=\count135
\c@lotdepth=\count136
\cftbeforetableskip=\skip179
\cfttableindent=\skip180
\cfttablenumwidth=\skip181
Package abstract [2008/07/23] emulated by memoir.
Package appendix [2008/07/23] emulated by memoir.
Package array [2008/07/23] emulated by memoir.
Package booktabs [2008/07/23] emulated by memoir.
Package ccaption [2008/07/23] emulated by memoir.
Package changepage [2008/07/23] emulated by memoir.
Package chngcntr [2008/07/23] emulated by memoir.
Package chngpage [2008/07/23] emulated by memoir.
Package crop emulated by memoir.
Package dcolumn [2008/07/23] emulated by memoir.
Package delarray [2008/07/23] emulated by memoir.
Package enumerate [2008/07/23] emulated by memoir.
Package epigraph [2008/07/23] emulated by memoir.
Package ifmtarg [2008/07/23] emulated by memoir.
Package ifetex [2008/07/23] emulated by memoir.
Package index [2008/07/23] emulated by memoir.
Package makeidx [2008/07/23] emulated by memoir.
Package moreverb [2008/07/23] emulated by memoir.
Package mparhack [2008/07/23] emulated by memoir.
Package needspace [2008/07/23] emulated by memoir.
Package newfile [2008/07/23] emulated by memoir.
Package nextpage [2008/07/23] emulated by memoir.
Package pagenote [2008/07/23] emulated by memoir.
Package parskip [2008/07/23] emulated by memoir.
Package patchcmd [2008/07/23] emulated by memoir.
Package setspace [2008/07/23] emulated by memoir.
Package shortvrb [2008/07/23] emulated by memoir.
Package showidx [2008/07/23] emulated by memoir.
Package tabularx [2008/07/23] emulated by memoir.
Package titleref [2008/07/23] emulated by memoir.
Package titling [2008/07/23] emulated by memoir.
Package tocbibind [2008/07/23] emulated by memoir.
Package tocloft [2008/07/23] emulated by memoir.
Package tocvsec2 [2008/07/23] emulated by memoir.
Package verbatim [2008/07/23] emulated by memoir.
Package verse [2008/07/23] emulated by memoir.

(/usr/local/texlive/2010/texmf-dist/tex/latex/memoir/mempatch.sty
Package: mempatch 2009/07/24 v6.0f Patches for memoir class v1.6180339
))
(/usr/local/texlive/2010/texmf-dist/tex/latex/url/url.sty
\Urlmuskip=\muskip10
Package: url 2006/04/12  ver 3.3  Verb mode for urls, etc.
)
(/usr/local/texlive/2010/texmf-dist/tex/latex/psnfss/courier.sty
Package: courier 2005/04/12 PSNFSS-v9.2a (WaS) 
)
(/usr/local/texlive/2010/texmf-dist/tex/latex/listings/listings.sty
(/usr/local/texlive/2010/texmf-dist/tex/latex/graphics/keyval.sty
Package: keyval 1999/03/16 v1.13 key=value parser (DPC)
\KV@toks@=\toks22
)
\lst@mode=\count137
\lst@gtempboxa=\box28
\lst@token=\toks23
\lst@length=\count138
\lst@currlwidth=\dimen147
\lst@column=\count139
\lst@pos=\count140
\lst@lostspace=\dimen148
\lst@width=\dimen149
\lst@newlines=\count141
\lst@lineno=\count142
\lst@maxwidth=\dimen150

(/usr/local/texlive/2010/texmf-dist/tex/latex/listings/lstmisc.sty
File: lstmisc.sty 2007/02/22 1.4 (Carsten Heinz)
\c@lstnumber=\count143
\lst@skipnumbers=\count144
\lst@framebox=\box29
)
(/usr/local/texlive/2010/texmf-dist/tex/latex/listings/listings.cfg
File: listings.cfg 2007/02/22 1.4 listings configuration
))
Package: listings 2007/02/22 1.4 (Carsten Heinz)

(/usr/local/texlive/2010/texmf-dist/tex/latex/graphics/graphicx.sty
Package: graphicx 1999/02/16 v1.0f Enhanced LaTeX Graphics (DPC,SPQR)

(/usr/local/texlive/2010/texmf-dist/tex/latex/graphics/graphics.sty
Package: graphics 2009/02/05 v1.0o Standard LaTeX Graphics (DPC,SPQR)

(/usr/local/texlive/2010/texmf-dist/tex/latex/graphics/trig.sty
Package: trig 1999/03/16 v1.09 sin cos tan (DPC)
)
(/usr/local/texlive/2010/texmf-dist/tex/latex/latexconfig/graphics.cfg
File: graphics.cfg 2010/04/23 v1.9 graphics configuration of TeX Live
)
Package graphics Info: Driver file: pdftex.def on input line 91.

(/usr/local/texlive/2010/texmf-dist/tex/latex/pdftex-def/pdftex.def
File: pdftex.def 2010/02/14 v0.04n Graphics/color for pdfTeX
\Gread@gobject=\count145
))
\Gin@req@height=\dimen151
\Gin@req@width=\dimen152
)
(/usr/local/texlive/2010/texmf-dist/tex/latex/multirow/multirow.sty
\bigstrutjot=\dimen153
)
(/usr/local/texlive/2010/texmf-dist/tex/latex/subfigure/subfigure.sty
Package: subfigure 2002/03/15 v2.1.5 subfigure package
\subfigtopskip=\skip182
\subfigcapskip=\skip183
\subfigcaptopadj=\dimen154
\subfigbottomskip=\skip184
\subfigcapmargin=\dimen155
\subfiglabelskip=\skip185
\c@subfigure=\count146


/usr/local/texlive/2010/texmf-dist/tex/latex/subfigure/subfigure.sty:124: LaTeX
 Error: Command \c@lofdepth already defined.
               Or name \end... illegal, see p.192 of the manual.

See the LaTeX manual or LaTeX Companion for explanation.
Type  H <return>  for immediate help.
 ...                                              
                                                  
l.124 \newcounter{lofdepth}
                           
Your command was ignored.
Type  I <command> <return>  to replace it with another command,
or  <return>  to continue without it.

\c@subtable=\count147

/usr/local/texlive/2010/texmf-dist/tex/latex/subfigure/subfigure.sty:137: LaTeX
 Error: Command \c@lotdepth already defined.
               Or name \end... illegal, see p.192 of the manual.

See the LaTeX manual or LaTeX Companion for explanation.
Type  H <return>  for immediate help.
 ...                                              
                                                  
l.137 \newcounter{lotdepth}
                           
Your command was ignored.
Type  I <command> <return>  to replace it with another command,
or  <return>  to continue without it.

****************************************
* Local config file subfigure.cfg used *
****************************************
(/usr/local/texlive/2010/texmf-dist/tex/latex/subfigure/subfigure.cfg)
\subfig@top=\skip186
\subfig@bottom=\skip187
)
(/usr/local/texlive/2010/texmf-dist/tex/latex/graphics/color.sty
Package: color 2005/11/14 v1.0j Standard LaTeX Color (DPC)

(/usr/local/texlive/2010/texmf-dist/tex/latex/latexconfig/color.cfg
File: color.cfg 2007/01/18 v1.5 color configuration of teTeX/TeXLive
)
Package color Info: Driver file: pdftex.def on input line 130.
)
(/usr/local/texlive/2010/texmf-dist/tex/latex/oberdiek/pdflscape.sty
Package: pdflscape 2008/08/11 v0.10 Landscape pages in PDF (HO)

(/usr/local/texlive/2010/texmf-dist/tex/latex/graphics/lscape.sty
Package: lscape 2000/10/22 v3.01 Landscape Pages (DPC)
)
Package pdflscape Info: Auto-detected driver: pdftex on input line 77.
)
(/usr/local/texlive/2010/texmf-dist/tex/latex/hyperref/hyperref.sty
Package: hyperref 2010/06/18 v6.81g Hypertext links for LaTeX

(/usr/local/texlive/2010/texmf-dist/tex/generic/oberdiek/ltxcmds.sty
Package: ltxcmds 2010/04/26 v1.7 LaTeX kernel commands for general use (HO)
)
(/usr/local/texlive/2010/texmf-dist/tex/generic/oberdiek/kvsetkeys.sty
Package: kvsetkeys 2010/03/01 v1.9 Key value parser (HO)

(/usr/local/texlive/2010/texmf-dist/tex/generic/oberdiek/infwarerr.sty
Package: infwarerr 2010/04/08 v1.3 Providing info/warning/message (HO)
)
(/usr/local/texlive/2010/texmf-dist/tex/generic/oberdiek/etexcmds.sty
Package: etexcmds 2010/01/28 v1.3 Prefix for e-TeX command names (HO)
Package etexcmds Info: Could not find \expanded.
(etexcmds)             That can mean that you are not using pdfTeX 1.50 or
(etexcmds)             that some package has redefined \expanded.
(etexcmds)             In the latter case, load this package earlier.
))
(/usr/local/texlive/2010/texmf-dist/tex/generic/oberdiek/pdfescape.sty
Package: pdfescape 2010/03/01 v1.9 Provides hex, PDF name and string conversion
s (HO)

(/usr/local/texlive/2010/texmf-dist/tex/generic/oberdiek/pdftexcmds.sty
Package: pdftexcmds 2010/04/01 v0.9 Utility functions of pdfTeX for LuaTeX (HO)

Package pdftexcmds Info: LuaTeX not detected.
Package pdftexcmds Info: \pdf@primitive is available.
Package pdftexcmds Info: \pdf@ifprimitive is available.
))
(/usr/local/texlive/2010/texmf-dist/tex/generic/oberdiek/ifvtex.sty
Package: ifvtex 2010/03/01 v1.5 Switches for detecting VTeX and its modes (HO)
Package ifvtex Info: VTeX not detected.
)
(/usr/local/texlive/2010/texmf-dist/tex/latex/oberdiek/hycolor.sty
Package: hycolor 2009/12/12 v1.6 Color options of hyperref/bookmark (HO)

(/usr/local/texlive/2010/texmf-dist/tex/latex/oberdiek/xcolor-patch.sty
Package: xcolor-patch 2009/12/12 xcolor patch
))
(/usr/local/texlive/2010/texmf-dist/tex/latex/oberdiek/letltxmacro.sty
Package: letltxmacro 2008/06/24 v1.3 Let assignment for LaTeX macros (HO)
)
\@linkdim=\dimen156
\Hy@linkcounter=\count148
\Hy@pagecounter=\count149

(/usr/local/texlive/2010/texmf-dist/tex/latex/hyperref/pd1enc.def
File: pd1enc.def 2010/06/18 v6.81g Hyperref: PDFDocEncoding definition (HO)
)
(/usr/local/texlive/2010/texmf-dist/tex/generic/oberdiek/intcalc.sty
Package: intcalc 2007/09/27 v1.1 Expandable integer calculations (HO)
)
(/usr/local/texlive/2010/texmf-dist/tex/latex/latexconfig/hyperref.cfg
File: hyperref.cfg 2002/06/06 v1.2 hyperref configuration of TeXLive
)
(/usr/local/texlive/2010/texmf-dist/tex/latex/oberdiek/kvoptions.sty
Package: kvoptions 2010/02/22 v3.7 Keyval support for LaTeX options (HO)
)
Package hyperref Info: Hyper figures OFF on input line 3658.
Package hyperref Info: Link nesting OFF on input line 3663.
Package hyperref Info: Hyper index ON on input line 3666.
Package hyperref Info: Plain pages OFF on input line 3673.
Package hyperref Info: Backreferencing OFF on input line 3678.

Implicit mode ON; LaTeX internals redefined
Package hyperref Info: Bookmarks ON on input line 3874.
LaTeX Info: Redefining \url on input line 4159.
(/usr/local/texlive/2010/texmf-dist/tex/generic/oberdiek/bitset.sty
Package: bitset 2007/09/28 v1.0 Data type bit set (HO)

(/usr/local/texlive/2010/texmf-dist/tex/generic/oberdiek/bigintcalc.sty
Package: bigintcalc 2007/11/11 v1.1 Expandable big integer calculations (HO)
))
\Fld@menulength=\count150
\Field@Width=\dimen157
\Fld@charsize=\dimen158
\Field@toks=\toks24
Package hyperref Info: Hyper figures OFF on input line 5137.
Package hyperref Info: Link nesting OFF on input line 5142.
Package hyperref Info: Hyper index ON on input line 5145.
Package hyperref Info: backreferencing OFF on input line 5152.
Package hyperref Info: Link coloring OFF on input line 5157.
Package hyperref Info: Link coloring with OCG OFF on input line 5162.
Package hyperref Info: PDF/A mode OFF on input line 5167.
LaTeX Info: Redefining \ref on input line 5207.
LaTeX Info: Redefining \pageref on input line 5211.

(/usr/local/texlive/2010/texmf-dist/tex/generic/oberdiek/atbegshi.sty
Package: atbegshi 2010/03/25 v1.12 At begin shipout hook (HO)
)
\Hy@abspage=\count151
\c@Item=\count152
)
(/usr/local/texlive/2010/texmf-dist/tex/latex/memoir/memhfixc.sty
Package: memhfixc 2010/06/10 v1.14 nameref/hyperref package fixes for memoir cl
ass
\c@memhycontfloat=\count153
)
* hyperref using default driver hpdftex *
(/usr/local/texlive/2010/texmf-dist/tex/latex/hyperref/hpdftex.def
File: hpdftex.def 2010/06/18 v6.81g Hyperref driver for pdfTeX

(/usr/local/texlive/2010/texmf-dist/tex/latex/oberdiek/atveryend.sty
Package: atveryend 2010/03/24 v1.5 Hooks at very end of document (HO)
Package atveryend Info: \enddocument detected (standard).
)
\Fld@listcount=\count154
\c@bookmark@seq@number=\count155

(/usr/local/texlive/2010/texmf-dist/tex/latex/oberdiek/rerunfilecheck.sty
Package: rerunfilecheck 2010/03/16 v1.6 Rerun checks for auxiliary files (HO)

(/usr/local/texlive/2010/texmf-dist/tex/generic/oberdiek/uniquecounter.sty
Package: uniquecounter 2009/12/18 v1.1 Provides unlimited unique counter (HO)
)
Package uniquecounter Info: New unique counter `rerunfilecheck' on input line 2
71.
)
\Hy@SectionHShift=\skip188
)
\@input{university_regulations.aux}
\openout2 = `university_regulations.aux'.

(./university_regulations.tex

******************************************************
Stock height and width: 845.04684pt by 597.50787pt
Top and edge trims: 0.0pt and 0.0pt
Page height and width: 845.04684pt by 597.50787pt
Text height and width: 595.80026pt by 412.0pt
Spine and edge margins: 113.81102pt and 71.13188pt
Upper and lower margins: 126.74379pt and 122.50279pt
Headheight and headsep: 13.6pt and 19.8738pt
Footskip: 27.46295pt
Columnsep and columnseprule: 10.0pt and 0.0pt
Marginparsep and marginparwidth: 7.0pt and 101.0pt
Sidecapsep and sidecapwidth: 7.0pt and 101.0pt
Sidebarhsep and sidebarwidth: 7.0pt and 101.0pt
Sidebarvsep and sidebartopsep: 13.6pt and 0.0pt
Sidebarheight: 594.32022pt
Sidefoothsep and sidefootwidth: 7.0pt and 101.0pt
Sidefootvsep and sidefootheight: 13.6pt and 594.32022pt
******************************************************

)
\@input{front_matter_commands.aux}
\openout2 = `front_matter_commands.aux'.

(./front_matter_commands.tex)
\@input{Listings/listings.aux}
\openout2 = `Listings/listings.aux'.

(./Listings/listings.tex (./Listings/common.tex) (./Listings/atl.tex)
(./Listings/cope.tex) (./Listings/flock.tex) (./Listings/hutn_families.tex)
(./Listings/fptc.tex) (./Listings/ebnf.tex) (./Listings/eol.tex)
(./Listings/etl.tex) (./Listings/evl.tex) (./Listings/egl.tex)
(./Listings/emftext.tex) (./Listings/emfatic.tex))
\@input{symbols.aux}
\openout2 = `symbols.aux'.

(./symbols.tex (/usr/local/texlive/2010/texmf-dist/tex/latex/psnfss/pifont.sty
Package: pifont 2005/04/12 PSNFSS-v9.2a Pi font support (SPQR) 
LaTeX Font Info:    Try loading font information for U+pzd on input line 63.

(/usr/local/texlive/2010/texmf-dist/tex/latex/psnfss/upzd.fd
File: upzd.fd 2001/06/04 font definitions for U/pzd.
)
LaTeX Font Info:    Try loading font information for U+psy on input line 64.

(/usr/local/texlive/2010/texmf-dist/tex/latex/psnfss/upsy.fd
File: upsy.fd 2001/06/04 font definitions for U/psy.
)))
\@input{title.aux}
\openout2 = `title.aux'.

(./title.tex) (./thesis.aux (./0.FrontMatter/front_matter.aux)
(./1.Introduction/introduction.aux) (./2.Background/background.aux)
(./3.LiteratureReview/literature_review.aux) (./4.Analysis/analysis.aux)
(./5.Implementation/implementation.aux) (./6.Evaluation/evaluation.aux)
(./7.Conclusion/conclusion.aux) (./A.0.Listings/listings.aux)
(./A.2.ProcessOriented/process_oriented.aux)
(./A.3.MigrationStrategies/migration_strategies.aux)
(./A.4.TTCScores/ttc_scores.aux))
\openout1 = `thesis.aux'.

LaTeX Font Info:    Checking defaults for OML/cmm/m/it on input line 31.
LaTeX Font Info:    ... okay on input line 31.
LaTeX Font Info:    Checking defaults for T1/cmr/m/n on input line 31.
LaTeX Font Info:    ... okay on input line 31.
LaTeX Font Info:    Checking defaults for OT1/cmr/m/n on input line 31.
LaTeX Font Info:    ... okay on input line 31.
LaTeX Font Info:    Checking defaults for OMS/cmsy/m/n on input line 31.
LaTeX Font Info:    ... okay on input line 31.
LaTeX Font Info:    Checking defaults for OMX/cmex/m/n on input line 31.
LaTeX Font Info:    ... okay on input line 31.
LaTeX Font Info:    Checking defaults for U/cmr/m/n on input line 31.
LaTeX Font Info:    ... okay on input line 31.
LaTeX Font Info:    Checking defaults for PD1/pdf/m/n on input line 31.
LaTeX Font Info:    ... okay on input line 31.
\c@lstlisting=\count156

(/usr/local/texlive/2010/texmf-dist/tex/context/base/supp-pdf.mkii
[Loading MPS to PDF converter (version 2006.09.02).]
\scratchcounter=\count157
\scratchdimen=\dimen159
\scratchbox=\box30
\nofMPsegments=\count158
\nofMParguments=\count159
\everyMPshowfont=\toks25
\MPscratchCnt=\count160
\MPscratchDim=\dimen160
\MPnumerator=\count161
\everyMPtoPDFconversion=\toks26
) (/usr/local/texlive/2010/texmf-dist/tex/latex/oberdiek/epstopdf-base.sty
Package: epstopdf-base 2010/02/09 v2.5 Base part for package epstopdf

(/usr/local/texlive/2010/texmf-dist/tex/latex/oberdiek/grfext.sty
Package: grfext 2007/09/30 v1.0 Managing graphics extensions (HO)
)
Package grfext Info: Graphics extension search list:
(grfext)             [.png,.pdf,.jpg,.mps,.jpeg,.jbig2,.jb2,.PNG,.PDF,.JPG,.JPE
G,.JBIG2,.JB2,.eps]
(grfext)             \AppendGraphicsExtensions on input line 436.

(/usr/local/texlive/2010/texmf-dist/tex/latex/latexconfig/epstopdf-sys.cfg
File: epstopdf-sys.cfg 2010/07/13 v1.3 Configuration of (r)epstopdf for TeX Liv
e
))
\AtBeginShipoutBox=\box31
Package hyperref Info: Link coloring OFF on input line 31.

(/usr/local/texlive/2010/texmf-dist/tex/latex/hyperref/nameref.sty
Package: nameref 2010/04/30 v2.40 Cross-referencing by name of section

(/usr/local/texlive/2010/texmf-dist/tex/latex/oberdiek/refcount.sty
Package: refcount 2008/08/11 v3.1 Data extraction from references (HO)
)
(/usr/local/texlive/2010/texmf-dist/tex/generic/oberdiek/gettitlestring.sty
Package: gettitlestring 2009/12/18 v1.3 Cleanup title references (HO)
)
\c@section@level=\count162
)
Redoing nameref's sectioning
Redoing nameref's label
LaTeX Info: Redefining \nameref on input line 31.
LaTeX Info: Redefining \ref on input line 31.
LaTeX Info: Redefining \pageref on input line 31.
LaTeX Info: Redefining \nameref on input line 31.
(./thesis.out) (./thesis.out)
\@outlinefile=\write4
\openout4 = `thesis.out'.

\openout2 = `0.FrontMatter/front_matter.aux'.

 (./0.FrontMatter/front_matter.tex
LaTeX Font Info:    External font `cmex10' loaded for size
(Font)              <12> on input line 3.
LaTeX Font Info:    External font `cmex10' loaded for size
(Font)              <8> on input line 3.
LaTeX Font Info:    External font `cmex10' loaded for size
(Font)              <6> on input line 3.

(./0.FrontMatter/abstract.tex [1













{/usr/local/texlive/2010/texmf-var/fonts/map/pdftex/updmap/pdftex.map}] [2

]) (./0.FrontMatter/dedication.tex [3] [4

]) [5]
[6

] (./0.FrontMatter/table_of_contents.tex) (./thesis.toc
LaTeX Font Info:    External font `cmex10' loaded for size
(Font)              <10.95> on input line 1.

Overfull \hbox (0.16711pt too wide) detected at line 4
 \OT1/cmr/bx/n/10.95 xiii
 []

[7]
Overfull \hbox (1.91605pt too wide) detected at line 216
 \OT1/cmr/bx/n/10.95 149
 []


Overfull \hbox (1.91605pt too wide) detected at line 332
 \OT1/cmr/bx/n/10.95 215
 []


Overfull \hbox (1.91605pt too wide) detected at line 348
 \OT1/cmr/bx/n/10.95 223
 []


Overfull \hbox (1.91605pt too wide) detected at line 354
 \OT1/cmr/bx/n/10.95 247
 []


Overfull \hbox (1.91605pt too wide) detected at line 362
 \OT1/cmr/bx/n/10.95 263
 []


Overfull \hbox (1.91605pt too wide) detected at line 371
 \OT1/cmr/bx/n/10.95 319
 []


Overfull \hbox (1.91605pt too wide) detected at line 372
 \OT1/cmr/bx/n/10.95 325
 []

) (./0.FrontMatter/lists.tex [8] (./thesis.lof [9

]
LaTeX Font Info:    Try loading font information for OT1+pcr on input line 48.

(/usr/local/texlive/2010/texmf-dist/tex/latex/psnfss/ot1pcr.fd
File: ot1pcr.fd 2001/06/04 font definitions for OT1/pcr.
) [10]) [11]
(./thesis.lot) [12

] (./thesis.lol [13

] [14]))
(./0.FrontMatter/acknowledgements.tex [15] [16

]
Underfull \hbox (badness 10000) in paragraph at lines 9--9

 []


Underfull \hbox (badness 10000) in paragraph at lines 9--9

 []

[17]) (./0.FrontMatter/declaration.tex [18


]
LaTeX Font Info:    Try loading font information for OMS+cmr on input line 28.

(/usr/local/texlive/2010/texmf-dist/tex/latex/base/omscmr.fd
File: omscmr.fd 1999/05/25 v2.5h Standard LaTeX font definitions
)
LaTeX Font Info:    Font shape `OMS/cmr/m/n' in size <10.95> not available
(Font)              Font shape `OMS/cmsy/m/n' tried instead on input line 28.


Class memoir Warning: The \it font command is deprecated. 
(memoir)              Use \textit{...} or {\itshape... } instead on input line 
28.

[19]
Overfull \hbox (5.90335pt too wide) in paragraph at lines 28--28
[]\OT1/cmr/bx/n/10.95 Model Mi-gra-tion Case\OT1/cmr/m/n/10.95 , Louis M. Rose,
 Dim-itrios S. Ko-lo-vos, Richard
 []

Missing character: There is no â in font cmr10!
Missing character: There is no € in font cmr10!
Missing character: There is no “ in font cmr10!
[20]))
\openout2 = `1.Introduction/introduction.aux'.

 (./1.Introduction/introduction.tex
LaTeX Font Info:    External font `cmex10' loaded for size
(Font)              <9> on input line 5.
LaTeX Font Info:    External font `cmex10' loaded for size
(Font)              <5> on input line 5.
 (./1.Introduction/topics.tex [1





]
[2]) (./1.Introduction/problems.tex [3])
(./1.Introduction/hypothesis_and_method.tex [4]
Overfull \hbox (0.54181pt too wide) in paragraph at lines 27--28
[]\OT1/cmr/m/n/10.95 Evaluate the pro-posed struc-tures and pro-cesses for man-
ag-ing evo-lu-tion-ary change,
 []

<1.Introduction/images/method.pdf, id=911, 569.12625pt x 545.03625pt>
File: 1.Introduction/images/method.pdf Graphic file (type pdf)

<use 1.Introduction/images/method.pdf> [5]) (./1.Introduction/results.tex
[6 <./1.Introduction/images/method.pdf>]) (./1.Introduction/structure.tex
[7])) [8]
\openout2 = `2.Background/background.aux'.

 (./2.Background/background.tex (./2.Background/terms.tex [9



]
<2.Background/images/jackson_model.png, id=998, 353.76164pt x 192.2382pt>
File: 2.Background/images/jackson_model.png Graphic file (type png)

<use 2.Background/images/jackson_model.png>
Underfull \vbox (badness 10000) has occurred while \output is active []

 [10 <./2.Background/images/jackson_model.png>] [11] [12]
<2.Background/images/mof.png, id=1041, 928.46875pt x 589.20125pt>
File: 2.Background/images/mof.png Graphic file (type png)

<use 2.Background/images/mof.png> [13

 <./2.Background/images/mof.png (PNG copy)>] [14

]
Overfull \hbox (1.15009pt too wide) in paragraph at lines 95--96
\OT1/cmr/m/n/10.95 that can be rep-re-sented as a set of in-ter-de-pen-dent mod
-els [[]]. 
 []


Overfull \hbox (0.57101pt too wide) in paragraph at lines 99--100
\OT1/cmr/m/n/10.95 for-ma-tion Lan-guage (ATL) [[]], VI-sual Au-to-mated model 
TRAns-
 []

[15] <2.Background/images/StateMachines.pdf, id=1090, 218.8175pt x 58.2175pt>
File: 2.Background/images/StateMachines.pdf Graphic file (type pdf)

<use 2.Background/images/StateMachines.pdf>
<2.Background/images/OO.pdf, id=1091, 386.44376pt x 65.24374pt>
File: 2.Background/images/OO.pdf Graphic file (type pdf)

<use 2.Background/images/OO.pdf>
LaTeX Font Info:    Font shape `OT1/pcr/bx/n' in size <8> not available
(Font)              Font shape `OT1/pcr/b/n' tried instead on input line 132.
 [16 <./2.Background/images/StateMachines.pdf> <./2.Background/images/OO.pdf>] 
[17] [18] [19]) (./2.Background/methods.tex
<2.Background/images/PIMs_and_PSMs.png, id=1272, 613.29124pt x 37.13875pt>
File: 2.Background/images/PIMs_and_PSMs.png Graphic file (type png)

<use 2.Background/images/PIMs_and_PSMs.png> [20]
<2.Background/images/mda-pyramid.png, id=1289, 541.02126pt x 263.98625pt>
File: 2.Background/images/mda-pyramid.png Graphic file (type png)

<use 2.Background/images/mda-pyramid.png> [21 <./2.Background/images/PIMs_and_P
SMs.png (PNG copy)> <./2.Background/images/mda-pyramid.png (PNG copy)>]
[22] [23] [24]) (./2.Background/tools.tex [25]
<2.Background/images/emf_model_editor.png, id=1368, 870.25125pt x 607.26875pt>
File: 2.Background/images/emf_model_editor.png Graphic file (type png)

<use 2.Background/images/emf_model_editor.png> [26 <./2.Background/images/emf_m
odel_editor.png>]
<2.Background/images/emf_metamodel_tree.png, id=1381, 817.0525pt x 734.745pt>
File: 2.Background/images/emf_metamodel_tree.png Graphic file (type png)

<use 2.Background/images/emf_metamodel_tree.png>
<2.Background/images/emf_metamodel_diagrammatic.png, id=1382, 817.0525pt x 734.
745pt>
File: 2.Background/images/emf_metamodel_diagrammatic.png Graphic file (type png
)
 <use 2.Background/images/emf_metamodel_diagrammatic.png>
<2.Background/images/emf_metamodel_textual.png, id=1383, 817.0525pt x 734.745pt
>
File: 2.Background/images/emf_metamodel_textual.png Graphic file (type png)
 <use 2.Background/images/emf_metamodel_textual.png> [27 <./2.Background/images
/emf_metamodel_tree.png>]
<2.Background/images/gmf_model_editor.png, id=1397, 870.25125pt x 615.29875pt>
File: 2.Background/images/gmf_model_editor.png Graphic file (type png)

<use 2.Background/images/gmf_model_editor.png> [28 <./2.Background/images/emf_m
etamodel_diagrammatic.png>] [29 <./2.Background/images/emf_metamodel_textual.pn
g> <./2.Background/images/gmf_model_editor.png>]
<2.Background/images/epsilon.png, id=1417, 455.7025pt x 297.11pt>
File: 2.Background/images/epsilon.png Graphic file (type png)

<use 2.Background/images/epsilon.png>) (./2.Background/related.tex [30 <./2.Bac
kground/images/epsilon.png (PNG copy)>] [31] [32])
(./2.Background/benefits_and_challenges.tex [33] [34] [35])) [36]
\openout2 = `3.LiteratureReview/literature_review.aux'.


(./3.LiteratureReview/literature_review.tex [37



] [38] [39] [40]
<3.LiteratureReview/images/traceability_links.pdf, id=1606, 354.98764pt x 291.2
8514pt>
File: 3.LiteratureReview/images/traceability_links.pdf Graphic file (type pdf)
 <use 3.LiteratureReview/images/traceability_links.pdf> [41 <./3.LiteratureRevi
ew/images/traceability_links.pdf>] [42] [43] [44] [45] [46] [47]
[48] [49]
<3.LiteratureReview/images/emf_refactor_lhs.pdf, id=1792, 298.83914pt x 92.4245
pt>
File: 3.LiteratureReview/images/emf_refactor_lhs.pdf Graphic file (type pdf)
 <use 3.LiteratureReview/images/emf_refactor_lhs.pdf>
<3.LiteratureReview/images/emf_refactor_rhs.pdf, id=1793, 296.52852pt x 173.295
93pt>
File: 3.LiteratureReview/images/emf_refactor_rhs.pdf Graphic file (type pdf)
 <use 3.LiteratureReview/images/emf_refactor_rhs.pdf> [50] [51 <./3.LiteratureR
eview/images/emf_refactor_lhs.pdf> <./3.LiteratureReview/images/emf_refactor_rh
s.pdf>]
<3.LiteratureReview/images/retransformation.pdf, id=1897, 156.30023pt x 149.370
65pt>
File: 3.LiteratureReview/images/retransformation.pdf Graphic file (type pdf)
 <use 3.LiteratureReview/images/retransformation.pdf>
<3.LiteratureReview/images/live_transformation.pdf, id=1898, 160.91989pt x 149.
37065pt>
File: 3.LiteratureReview/images/live_transformation.pdf Graphic file (type pdf)

 <use 3.LiteratureReview/images/live_transformation.pdf>
Underfull \hbox (badness 10000) in paragraph at lines 236--236
[]\OT1/cmr/m/n/10.95 Figure 3.3: []Approaches to in-cre-men-tal trans-for-ma-ti
on. Taken from
 []

[52 <./3.LiteratureReview/images/retransformation.pdf> <./3.LiteratureReview/im
ages/live_transformation.pdf>]
<3.LiteratureReview/images/impact_analysis_pattern.pdf, id=1992, 446.71843pt x 
457.50133pt>
File: 3.LiteratureReview/images/impact_analysis_pattern.pdf Graphic file (type 
pdf)
 <use 3.LiteratureReview/images/impact_analysis_pattern.pdf>
[53]
Underfull \vbox (badness 3895) has occurred while \output is active []

 [54 <./3.LiteratureReview/images/impact_analysis_pattern.pdf>] [55]
Overfull \hbox (0.72133pt too wide) in paragraph at lines 291--292
[]\OT1/cmr/m/n/10.95 Re-use  of mi-gra-tion knowl-edge is a pri-mary con-cern i
n the work of Her-rmannsd^^?orfer,
 []


<3.LiteratureReview/images/CoEvoProcess.png, id=2090, 424.58624pt x 340.27126pt
>
File: 3.LiteratureReview/images/CoEvoProcess.png Graphic file (type png)
 <use 3.LiteratureReview/images/CoEvoProcess.png> [56]
Underfull \vbox (badness 1237) has occurred while \output is active []

 [57 <./3.LiteratureReview/images/CoEvoProcess.png>]
<3.LiteratureReview/images/transformation-chain.png, id=2117, 1215.54124pt x 10
38.88126pt>
File: 3.LiteratureReview/images/transformation-chain.png Graphic file (type png
)
 <use 3.LiteratureReview/images/transformation-chain.png> [58 <./3.LiteratureRe
view/images/transformation-chain.png (PNG copy)>] [59] [60])
[61]
\openout2 = `4.Analysis/analysis.aux'.

 (./4.Analysis/analysis.tex [62



]
<4.Analysis/overview.pdf, id=2184, 648.4225pt x 143.53625pt>
File: 4.Analysis/overview.pdf Graphic file (type pdf)

<use 4.Analysis/overview.pdf>
Underfull \vbox (badness 6927) has occurred while \output is active []

 [63 <./4.Analysis/overview.pdf>] [64] [65]
Underfull \vbox (badness 1902) has occurred while \output is active []

 [66]
[67] [68]
<4.Analysis/exemplar_refactoring.pdf, id=2256, 405.515pt x 221.82875pt>
File: 4.Analysis/exemplar_refactoring.pdf Graphic file (type pdf)

<use 4.Analysis/exemplar_refactoring.pdf> [69] [70 <./4.Analysis/exemplar_refac
toring.pdf>]
Underfull \vbox (badness 1242) has occurred while \output is active []

 [71]
<4.Analysis/images/co-evo_activities.pdf, id=2315, 845.1575pt x 597.23125pt>
File: 4.Analysis/images/co-evo_activities.pdf Graphic file (type pdf)

<use 4.Analysis/images/co-evo_activities.pdf> [72 <./4.Analysis/images/co-evo_a
ctivities.pdf>]
<6.Evaluation/images/user_driven/emf_process.pdf, id=2356, 845.1575pt x 597.231
25pt>
File: 6.Evaluation/images/user_driven/emf_process.pdf Graphic file (type pdf)
 <use 6.Evaluation/images/user_driven/emf_process.pdf>
Underfull \vbox (badness 1895) has occurred while \output is active []

 [73]
[74 <./6.Evaluation/images/user_driven/emf_process.pdf>] [75] [76]
Underfull \hbox (badness 7595) in paragraph at lines 284--284
[]\OT1/cmr/m/n/10.95 Figure 4.5: []Make Ref-er-ence Con-tain-ment op-er-a-tion,
 taken from COPE
 []

[77] [78] <4.Analysis/fptc_before.pdf, id=2450, 239.89626pt x 114.4275pt>
File: 4.Analysis/fptc_before.pdf Graphic file (type pdf)

<use 4.Analysis/fptc_before.pdf>
<4.Analysis/fptc_after.pdf, id=2451, 340.27126pt x 121.45375pt>
File: 4.Analysis/fptc_after.pdf Graphic file (type pdf)

<use 4.Analysis/fptc_after.pdf>
Underfull \hbox (badness 2035) in paragraph at lines 321--321
[]\OT1/cmr/m/n/10.95 Figure 4.6: []Metamodel evo-lu-tion in the Ep-silon FPTC t
ool. Taken from
 []

[79] [80 <./4.Analysis/fptc_before.pdf> <./4.Analysis/fptc_after.pdf>] [81]
<4.Analysis/spectrum.png, id=2559, 602.25pt x 301.125pt>
File: 4.Analysis/spectrum.png Graphic file (type png)

<use 4.Analysis/spectrum.png> [82] [83 <./4.Analysis/spectrum.png>] [84]
[85]) [86]
\openout2 = `5.Implementation/implementation.aux'.

 (./5.Implementation/implementation.tex
<5.Implementation/overview.pdf, id=2604, 703.62875pt x 162.6075pt>
File: 5.Implementation/overview.pdf Graphic file (type pdf)

<use 5.Implementation/overview.pdf>
<5.Implementation/images/implementation_structure.pdf, id=2608, 1027.84pt x 770
.88pt>
File: 5.Implementation/images/implementation_structure.pdf Graphic file (type p
df)
 <use 5.Implementation/images/implementation_structure.pdf>
(./5.Implementation/mmi_syntax.tex
Underfull \vbox (badness 10000) has occurred while \output is active []

 [87



 <./5.Implementation/overview.pdf>] [88 <./5.Implementation/images/implementati
on_structure.pdf>]
<5.Implementation/images/families.pdf, id=2650, 277.035pt x 157.58875pt>
File: 5.Implementation/images/families.pdf Graphic file (type pdf)

<use 5.Implementation/images/families.pdf>
<5.Implementation/images/families_evolved.pdf, id=2651, 277.035pt x 147.55125pt
>
File: 5.Implementation/images/families_evolved.pdf Graphic file (type pdf)
 <use 5.Implementation/images/families_evolved.pdf>
Underfull \vbox (badness 5446) has occurred while \output is active []

 [89 <./5.Implementation/images/families.pdf> <./5.Implementation/images/famili
es_evolved.pdf>]
<5.Implementation/images/family_model.png, id=2775, 537.00626pt x 299.1175pt>
File: 5.Implementation/images/family_model.png Graphic file (type png)

<use 5.Implementation/images/family_model.png>
<5.Implementation/images/successful_binding.pdf, id=2783, 262.9825pt x 181.6787
6pt>
File: 5.Implementation/images/successful_binding.pdf Graphic file (type pdf)
 <use 5.Implementation/images/successful_binding.pdf> [90 <./5.Implementation/i
mages/family_model.png>] [91 <./5.Implementation/images/successful_binding.pdf>
]
<5.Implementation/images/slot_model_design.pdf, id=2814, 372.39125pt x 64.24pt>
File: 5.Implementation/images/slot_model_design.pdf Graphic file (type pdf)
<use 5.Implementation/images/slot_model_design.pdf> [92 <./5.Implementation/ima
ges/slot_model_design.pdf>]
<5.Implementation/images/mmi_workflow.pdf, id=2878, 1027.84pt x 770.88pt>
File: 5.Implementation/images/mmi_workflow.pdf Graphic file (type pdf)

<use 5.Implementation/images/mmi_workflow.pdf> [93 <./5.Implementation/images/m
mi_workflow.pdf>]
<5.Implementation/images/generic_binding.pdf, id=2916, 457.71pt x 293.095pt>
File: 5.Implementation/images/generic_binding.pdf Graphic file (type pdf)

<use 5.Implementation/images/generic_binding.pdf>
<5.Implementation/images/minimal_mof.pdf, id=2925, 369.38pt x 145.54375pt>
File: 5.Implementation/images/minimal_mof.pdf Graphic file (type pdf)

<use 5.Implementation/images/minimal_mof.pdf>
LaTeX Font Info:    Font shape `OT1/pcr/m/it' in size <10.95> not available
(Font)              Font shape `OT1/pcr/m/sl' tried instead on input line 161.
 [94] [95 <./5.Implementation/images/generic_binding.pdf>] [96 <./5.Implementat
ion/images/minimal_mof.pdf>]
<5.Implementation/images/slot_model_complete.pdf, id=3022, 452.69125pt x 154.57
75pt>
File: 5.Implementation/images/slot_model_complete.pdf Graphic file (type pdf)
 <use 5.Implementation/images/slot_model_complete.pdf>
(/usr/local/texlive/2010/texmf-dist/tex/latex/listings/lstlang1.sty
File: lstlang1.sty 2004/09/05 1.3 listings language file
) [97 <./5.Implementation/images/slot_model_complete.pdf>] [98])
(./5.Implementation/textual_modelling_notation.tex
Underfull \vbox (badness 10000) has occurred while \output is active []

 [99]
File: 5.Implementation/images/families.pdf Graphic file (type pdf)

<use 5.Implementation/images/families.pdf>
File: 5.Implementation/images/families_evolved.pdf Graphic file (type pdf)

<use 5.Implementation/images/families_evolved.pdf>
File: 5.Implementation/images/family_model.png Graphic file (type png)

<use 5.Implementation/images/family_model.png>
(/usr/local/texlive/2010/texmf-dist/tex/latex/listings/lstlang1.sty
File: lstlang1.sty 2004/09/05 1.3 listings language file
)
(/usr/local/texlive/2010/texmf-dist/tex/latex/listings/lstmisc.sty
File: lstmisc.sty 2007/02/22 1.4 (Carsten Heinz)
) [100]
[101] [102] [103] [104] [105] [106]
<5.Implementation/images/ast_metamodel.pdf, id=3354, 297.11pt x 143.53625pt>
File: 5.Implementation/images/ast_metamodel.pdf Graphic file (type pdf)

<use 5.Implementation/images/ast_metamodel.pdf> [107 <./5.Implementation/images
/ast_metamodel.pdf>]
<5.Implementation/hutn_workflow.png, id=3400, 760.8425pt x 195.73125pt>
File: 5.Implementation/hutn_workflow.png Graphic file (type png)

<use 5.Implementation/hutn_workflow.png>
<5.Implementation/images/slot_model_final.pdf, id=3404, 571.13374pt x 235.88126
pt>
File: 5.Implementation/images/slot_model_final.pdf Graphic file (type pdf)
 <use 5.Implementation/images/slot_model_final.pdf> [108 <./5.Implementation/hu
tn_workflow.png (PNG copy)>] [109 <./5.Implementation/images/slot_model_final.p
df>] [110] [111]
LaTeX Font Info:    Font shape `OT1/pcr/m/it' in size <8> not available
(Font)              Font shape `OT1/pcr/m/sl' tried instead on input line 313.
Missing character: There is no Â in font cmr10!
Missing character: There is no   in font cmr10!
Missing character: There is no Â in font cmr10!
Missing character: There is no   in font cmr10!
Missing character: There is no Â in font cmr10!
Missing character: There is no   in font cmr10!
Missing character: There is no Â in font cmr10!
Missing character: There is no   in font cmr10!
Missing character: There is no Â in font cmr10!
Missing character: There is no   in font cmr10!
Missing character: There is no Â in font cmr10!
Missing character: There is no   in font cmr10!
Missing character: There is no Â in font cmr10!
Missing character: There is no   in font cmr10!
Missing character: There is no Â in font cmr10!
Missing character: There is no   in font cmr10!
Missing character: There is no Â in font cmr10!
Missing character: There is no   in font cmr10!
Missing character: There is no Â in font cmr10!
Missing character: There is no   in font cmr10!
Missing character: There is no Â in font cmr10!
Missing character: There is no   in font cmr10!
Missing character: There is no Â in font cmr10!
Missing character: There is no   in font cmr10!
Missing character: There is no Â in font cmr10!
Missing character: There is no   in font cmr10!
Missing character: There is no Â in font cmr10!
Missing character: There is no   in font cmr10!
Missing character: There is no Â in font cmr10!
Missing character: There is no   in font cmr10!
Missing character: There is no Â in font cmr10!
Missing character: There is no   in font cmr10!
Missing character: There is no Â in font cmr10!
Missing character: There is no   in font cmr10!
Missing character: There is no Â in font cmr10!
Missing character: There is no   in font cmr10!
Missing character: There is no Â in font cmr10!
Missing character: There is no   in font cmr10!
Missing character: There is no Â in font cmr10!
Missing character: There is no   in font cmr10!
Missing character: There is no Â in font cmr10!
Missing character: There is no   in font cmr10!
Missing character: There is no Â in font cmr10!
Missing character: There is no   in font cmr10!
Missing character: There is no Â in font cmr10!
Missing character: There is no   in font cmr10!
Missing character: There is no Â in font cmr10!
Missing character: There is no   in font cmr10!
Missing character: There is no Â in font cmr10!
Missing character: There is no   in font cmr10!
Missing character: There is no Â in font cmr10!
Missing character: There is no   in font cmr10!
Missing character: There is no Â in font cmr10!
Missing character: There is no   in font cmr10!
Missing character: There is no Â in font cmr10!
Missing character: There is no   in font cmr10!
Missing character: There is no Â in font cmr10!
Missing character: There is no   in font cmr10!
Missing character: There is no Â in font cmr10!
Missing character: There is no   in font cmr10!
Missing character: There is no Â in font cmr10!
Missing character: There is no   in font cmr10!
Missing character: There is no Â in font cmr10!
Missing character: There is no   in font cmr10!
Missing character: There is no Â in font cmr10!
Missing character: There is no   in font cmr10!
Missing character: There is no Â in font cmr10!
Missing character: There is no   in font cmr10!
Missing character: There is no Â in font cmr10!
Missing character: There is no   in font cmr10!
Missing character: There is no Â in font cmr10!
Missing character: There is no   in font cmr10!
Missing character: There is no Â in font cmr10!
Missing character: There is no   in font cmr10!
Missing character: There is no Â in font cmr10!
Missing character: There is no   in font cmr10!
Missing character: There is no Â in font cmr10!
Missing character: There is no   in font cmr10!
Missing character: There is no Â in font cmr10!
Missing character: There is no   in font cmr10!
Missing character: There is no Â in font cmr10!
Missing character: There is no   in font cmr10!
Missing character: There is no Â in font cmr10!
Missing character: There is no   in font cmr10!
Missing character: There is no Â in font cmr10!
Missing character: There is no   in font cmr10!
Missing character: There is no Â in font cmr10!
Missing character: There is no   in font cmr10!
Missing character: There is no Â in font cmr10!
Missing character: There is no   in font cmr10!
Missing character: There is no Â in font cmr10!
Missing character: There is no   in font cmr10!
Missing character: There is no Â in font cmr10!
Missing character: There is no   in font cmr10!
Missing character: There is no Â in font cmr10!
Missing character: There is no   in font cmr10!
Missing character: There is no Â in font cmr10!
Missing character: There is no   in font cmr10!
Missing character: There is no Â in font cmr10!
Missing character: There is no   in font cmr10!
Missing character: There is no Â in font cmr10!
Missing character: There is no   in font cmr10!
Missing character: There is no Â in font cmr10!
Missing character: There is no   in font cmr10!
Missing character: There is no Â in font cmr10!
Missing character: There is no   in font cmr10!
Missing character: There is no Â in font cmr10!
Missing character: There is no   in font cmr10!
Missing character: There is no Â in font cmr10!
Missing character: There is no   in font cmr10!
Missing character: There is no Â in font cmr10!
Missing character: There is no   in font cmr10!
Missing character: There is no Â in font cmr10!
Missing character: There is no   in font cmr10!
Missing character: There is no Â in font cmr10!
Missing character: There is no   in font cmr10!
Missing character: There is no Â in font cmr10!
Missing character: There is no   in font cmr10!
Missing character: There is no Â in font cmr10!
Missing character: There is no   in font cmr10!
Missing character: There is no Â in font cmr10!
Missing character: There is no   in font cmr10!
Missing character: There is no Â in font cmr10!
Missing character: There is no   in font cmr10!
Missing character: There is no Â in font cmr10!
Missing character: There is no   in font cmr10!
Missing character: There is no Â in font cmr10!
Missing character: There is no   in font cmr10!
Missing character: There is no Â in font cmr10!
Missing character: There is no   in font cmr10!
Missing character: There is no Â in font cmr10!
Missing character: There is no   in font cmr10!
Missing character: There is no Â in font cmr10!
Missing character: There is no   in font cmr10!
Missing character: There is no Â in font cmr10!
Missing character: There is no   in font cmr10!
Missing character: There is no Â in font cmr10!
Missing character: There is no   in font cmr10!
Missing character: There is no Â in font cmr10!
Missing character: There is no   in font cmr10!
Missing character: There is no Â in font cmr10!
Missing character: There is no   in font cmr10!
Missing character: There is no Â in font cmr10!
Missing character: There is no   in font cmr10!
Missing character: There is no Â in font cmr10!
Missing character: There is no   in font cmr10!
Missing character: There is no Â in font cmr10!
Missing character: There is no   in font cmr10!
Missing character: There is no Â in font cmr10!
Missing character: There is no   in font cmr10!
Missing character: There is no Â in font cmr10!
Missing character: There is no   in font cmr10!
Missing character: There is no Â in font cmr10!
Missing character: There is no   in font cmr10!
Missing character: There is no Â in font cmr10!
Missing character: There is no   in font cmr10!
Missing character: There is no Â in font cmr10!
Missing character: There is no   in font cmr10!
Missing character: There is no Â in font cmr10!
Missing character: There is no   in font cmr10!
Missing character: There is no Â in font cmr10!
Missing character: There is no   in font cmr10!
Missing character: There is no Â in font cmr10!
Missing character: There is no   in font cmr10!
Missing character: There is no Â in font cmr10!
Missing character: There is no   in font cmr10!
Missing character: There is no Â in font cmr10!
Missing character: There is no   in font cmr10!
Missing character: There is no Â in font cmr10!
Missing character: There is no   in font cmr10!
Missing character: There is no Â in font cmr10!
Missing character: There is no   in font cmr10!
Missing character: There is no Â in font cmr10!
Missing character: There is no   in font cmr10!
Missing character: There is no Â in font cmr10!
Missing character: There is no   in font cmr10!
Missing character: There is no Â in font cmr10!
Missing character: There is no   in font cmr10!
Missing character: There is no Â in font cmr10!
Missing character: There is no   in font cmr10!
Missing character: There is no Â in font cmr10!
Missing character: There is no   in font cmr10!
Missing character: There is no Â in font cmr10!
Missing character: There is no   in font cmr10!
Missing character: There is no Â in font cmr10!
Missing character: There is no   in font cmr10!
Missing character: There is no Â in font cmr10!
Missing character: There is no   in font cmr10!
Missing character: There is no Â in font cmr10!
Missing character: There is no   in font cmr10!
Missing character: There is no Â in font cmr10!
Missing character: There is no   in font cmr10!
Missing character: There is no Â in font cmr10!
Missing character: There is no   in font cmr10!
Missing character: There is no Â in font cmr10!
Missing character: There is no   in font cmr10!
Missing character: There is no Â in font cmr10!
Missing character: There is no   in font cmr10!
Missing character: There is no Â in font cmr10!
Missing character: There is no   in font cmr10!
Missing character: There is no Â in font cmr10!
Missing character: There is no   in font cmr10!
Missing character: There is no Â in font cmr10!
Missing character: There is no   in font cmr10!
Missing character: There is no Â in font cmr10!
Missing character: There is no   in font cmr10!
Missing character: There is no Â in font cmr10!
Missing character: There is no   in font cmr10!
Missing character: There is no Â in font cmr10!
Missing character: There is no   in font cmr10!
Missing character: There is no Â in font cmr10!
Missing character: There is no   in font cmr10!
Missing character: There is no Â in font cmr10!
Missing character: There is no   in font cmr10!
Missing character: There is no Â in font cmr10!
Missing character: There is no   in font cmr10!
Missing character: There is no Â in font cmr10!
Missing character: There is no   in font cmr10!
Missing character: There is no Â in font cmr10!
Missing character: There is no   in font cmr10!
Missing character: There is no Â in font cmr10!
Missing character: There is no   in font cmr10!
Missing character: There is no Â in font cmr10!
Missing character: There is no   in font cmr10!
Missing character: There is no Â in font cmr10!
Missing character: There is no   in font cmr10!
Missing character: There is no Â in font cmr10!
Missing character: There is no   in font cmr10!
Missing character: There is no Â in font cmr10!
Missing character: There is no   in font cmr10!
Missing character: There is no Â in font cmr10!
Missing character: There is no   in font cmr10!
Missing character: There is no Â in font cmr10!
Missing character: There is no   in font cmr10!
Missing character: There is no Â in font cmr10!
Missing character: There is no   in font cmr10!
Missing character: There is no Â in font cmr10!
Missing character: There is no   in font cmr10!
Missing character: There is no Â in font cmr10!
Missing character: There is no   in font cmr10!
Missing character: There is no Â in font cmr10!
Missing character: There is no   in font cmr10!
Missing character: There is no Â in font cmr10!
Missing character: There is no   in font cmr10!
Missing character: There is no Â in font cmr10!
Missing character: There is no   in font cmr10!
Missing character: There is no Â in font cmr10!
Missing character: There is no   in font cmr10!
Missing character: There is no Â in font cmr10!
Missing character: There is no   in font cmr10!
Missing character: There is no Â in font cmr10!
Missing character: There is no   in font cmr10!
Missing character: There is no Â in font cmr10!
Missing character: There is no   in font cmr10!
Missing character: There is no Â in font cmr10!
Missing character: There is no   in font cmr10!
Missing character: There is no Â in font cmr10!
Missing character: There is no   in font cmr10!
Missing character: There is no Â in font cmr10!
Missing character: There is no   in font cmr10!
Missing character: There is no Â in font cmr10!
Missing character: There is no   in font cmr10!
Missing character: There is no Â in font cmr10!
Missing character: There is no   in font cmr10!
Missing character: There is no Â in font cmr10!
Missing character: There is no   in font cmr10!
Missing character: There is no Â in font cmr10!
Missing character: There is no   in font cmr10!
Missing character: There is no Â in font cmr10!
Missing character: There is no   in font cmr10!
Missing character: There is no Â in font cmr10!
Missing character: There is no   in font cmr10!
Missing character: There is no Â in font cmr10!
Missing character: There is no   in font cmr10!
Missing character: There is no Â in font cmr10!
Missing character: There is no   in font cmr10!
Missing character: There is no Â in font cmr10!
Missing character: There is no   in font cmr10!
Missing character: There is no Â in font cmr10!
Missing character: There is no   in font cmr10!
Missing character: There is no Â in font cmr10!
Missing character: There is no   in font cmr10!
Missing character: There is no Â in font cmr10!
Missing character: There is no   in font cmr10!
Missing character: There is no Â in font cmr10!
Missing character: There is no   in font cmr10!
Missing character: There is no Â in font cmr10!
Missing character: There is no   in font cmr10!
Missing character: There is no Â in font cmr10!
Missing character: There is no   in font cmr10!
Missing character: There is no Â in font cmr10!
Missing character: There is no   in font cmr10!
Missing character: There is no Â in font cmr10!
Missing character: There is no   in font cmr10!
Missing character: There is no Â in font cmr10!
Missing character: There is no   in font cmr10!
Missing character: There is no Â in font cmr10!
Missing character: There is no   in font cmr10!
Missing character: There is no Â in font cmr10!
Missing character: There is no   in font cmr10!
Missing character: There is no Â in font cmr10!
Missing character: There is no   in font cmr10!
Missing character: There is no Â in font cmr10!
Missing character: There is no   in font cmr10!
Missing character: There is no Â in font cmr10!
Missing character: There is no   in font cmr10!
Missing character: There is no Â in font cmr10!
Missing character: There is no   in font cmr10!
Missing character: There is no Â in font cmr10!
Missing character: There is no   in font cmr10!
Missing character: There is no Â in font cmr10!
Missing character: There is no   in font cmr10!
Missing character: There is no Â in font cmr10!
Missing character: There is no   in font cmr10!
Missing character: There is no Â in font cmr10!
Missing character: There is no   in font cmr10!
Missing character: There is no Â in font cmr10!
Missing character: There is no   in font cmr10!
Missing character: There is no Â in font cmr10!
Missing character: There is no   in font cmr10!
Missing character: There is no Â in font cmr10!
Missing character: There is no   in font cmr10!
Missing character: There is no Â in font cmr10!
Missing character: There is no   in font cmr10!
Missing character: There is no Â in font cmr10!
Missing character: There is no   in font cmr10!
Missing character: There is no Â in font cmr10!
Missing character: There is no   in font cmr10!
Missing character: There is no Â in font cmr10!
Missing character: There is no   in font cmr10!
Missing character: There is no Â in font cmr10!
Missing character: There is no   in font cmr10!
Missing character: There is no Â in font cmr10!
Missing character: There is no   in font cmr10!
Missing character: There is no Â in font cmr10!
Missing character: There is no   in font cmr10!
Missing character: There is no Â in font cmr10!
Missing character: There is no   in font cmr10!
Missing character: There is no Â in font cmr10!
Missing character: There is no   in font cmr10!
Missing character: There is no Â in font cmr10!
Missing character: There is no   in font cmr10!
Missing character: There is no Â in font cmr10!
Missing character: There is no   in font cmr10!
Missing character: There is no Â in font cmr10!
Missing character: There is no   in font cmr10!
Missing character: There is no Â in font cmr10!
Missing character: There is no   in font cmr10!
Missing character: There is no Â in font cmr10!
Missing character: There is no   in font cmr10!
Missing character: There is no Â in font cmr10!
Missing character: There is no   in font cmr10!
Missing character: There is no Â in font cmr10!
Missing character: There is no   in font cmr10!
Missing character: There is no Â in font cmr10!
Missing character: There is no   in font cmr10!
Missing character: There is no Â in font cmr10!
Missing character: There is no   in font cmr10!
Missing character: There is no Â in font cmr10!
Missing character: There is no   in font cmr10!
Missing character: There is no Â in font cmr10!
Missing character: There is no   in font cmr10!
Missing character: There is no Â in font cmr10!
Missing character: There is no   in font cmr10!
Missing character: There is no Â in font cmr10!
Missing character: There is no   in font cmr10!
Missing character: There is no Â in font cmr10!
Missing character: There is no   in font cmr10!
Missing character: There is no Â in font cmr10!
Missing character: There is no   in font cmr10!
Missing character: There is no Â in font cmr10!
Missing character: There is no   in font cmr10!
Missing character: There is no Â in font cmr10!
Missing character: There is no   in font cmr10!
Missing character: There is no Â in font cmr10!
Missing character: There is no   in font cmr10!
Missing character: There is no Â in font cmr10!
Missing character: There is no   in font cmr10!
Missing character: There is no Â in font cmr10!
Missing character: There is no   in font cmr10!
Missing character: There is no Â in font cmr10!
Missing character: There is no   in font cmr10!
Missing character: There is no Â in font cmr10!
Missing character: There is no   in font cmr10!
Missing character: There is no Â in font cmr10!
Missing character: There is no   in font cmr10!
Missing character: There is no Â in font cmr10!
Missing character: There is no   in font cmr10!
Missing character: There is no Â in font cmr10!
Missing character: There is no   in font cmr10!
Missing character: There is no Â in font cmr10!
Missing character: There is no   in font cmr10!
Missing character: There is no Â in font cmr10!
Missing character: There is no   in font cmr10!
Missing character: There is no Â in font cmr10!
Missing character: There is no   in font cmr10!
Missing character: There is no Â in font cmr10!
Missing character: There is no   in font cmr10!
Missing character: There is no Â in font cmr10!
Missing character: There is no   in font cmr10!
Missing character: There is no Â in font cmr10!
Missing character: There is no   in font cmr10!
Missing character: There is no Â in font cmr10!
Missing character: There is no   in font cmr10!
Missing character: There is no Â in font cmr10!
Missing character: There is no   in font cmr10!
Missing character: There is no Â in font cmr10!
Missing character: There is no   in font cmr10!
Missing character: There is no Â in font cmr10!
Missing character: There is no   in font cmr10!
Missing character: There is no Â in font cmr10!
Missing character: There is no   in font cmr10!
Missing character: There is no Â in font cmr10!
Missing character: There is no   in font cmr10!
Missing character: There is no Â in font cmr10!
Missing character: There is no   in font cmr10!
Missing character: There is no Â in font cmr10!
Missing character: There is no   in font cmr10!
Missing character: There is no Â in font cmr10!
Missing character: There is no   in font cmr10!
 [112]
Underfull \vbox (badness 1917) has occurred while \output is active []

 [113]
[114]
<6.Evaluation/images/user_driven/hutn_process.pdf, id=3642, 845.1575pt x 597.23
125pt>
File: 6.Evaluation/images/user_driven/hutn_process.pdf Graphic file (type pdf)
 <use 6.Evaluation/images/user_driven/hutn_process.pdf>
<5.Implementation/hutn_conformance_reporting.png, id=3649, 682.55pt x 118.4425p
t>
File: 5.Implementation/hutn_conformance_reporting.png Graphic file (type png)
 <use 5.Implementation/hutn_conformance_reporting.png> [115 <./6.Evaluation/ima
ges/user_driven/hutn_process.pdf>])
(./5.Implementation/analysis_of_languages_used_for_migration.tex
Underfull \vbox (badness 3849) has occurred while \output is active []

 [116 <./5.Implementation/hutn_conformance_reporting.png (PNG copy)>]
<5.Implementation/images/petri_nets_before.pdf, id=3715, 233.87375pt x 143.5362
5pt>
File: 5.Implementation/images/petri_nets_before.pdf Graphic file (type pdf)
 <use 5.Implementation/images/petri_nets_before.pdf>
<5.Implementation/images/petri_nets_after.pdf, id=3716, 336.25626pt x 258.9675p
t>
File: 5.Implementation/images/petri_nets_after.pdf Graphic file (type pdf)
 <use 5.Implementation/images/petri_nets_after.pdf> [117] [118 <./5.Implementat
ion/images/petri_nets_before.pdf> <./5.Implementation/images/petri_nets_after.p
df>] [119]
<5.Implementation/images/petri_nets_ecore2ecore.png, id=3885, 427.5975pt x 260.
975pt>
File: 5.Implementation/images/petri_nets_ecore2ecore.png Graphic file (type png
)
 <use 5.Implementation/images/petri_nets_ecore2ecore.png>
Missing character: There is no Â in font pcrr7t!
Missing character: There is no   in font pcrr7t!
Missing character: There is no Â in font pcrr7t!
Missing character: There is no   in font pcrr7t!
 [120 <./5.Implementation/images/petri_nets_ecore2ecore.png (PNG copy)>] [121]
Underfull \vbox (badness 1210) has occurred while \output is active []

 [122]
[123]
Underfull \hbox (badness 4940) in paragraph at lines 179--179
[][] [][]\OT1/cmr/m/n/9 Forum dis-cus-sion with Tom Mor-ris, lead de-vel-oper o
f the Ar-goUML tool, []$\OT1/pcr/m/n/9 http :
 []


Underfull \hbox (badness 10000) in paragraph at lines 179--179
\OT1/pcr/m/n/9 / / www . planet-[]research20 . org / ttc2010 / index . php ? op
tion = com _ community&view =
 []

) (./5.Implementation/flock.tex [124]
<5.Implementation/flock_abstract_syntax.pdf, id=3987, 462.72874pt x 142.5325pt>
File: 5.Implementation/flock_abstract_syntax.pdf Graphic file (type pdf)
<use 5.Implementation/flock_abstract_syntax.pdf> [125 <./5.Implementation/flock
_abstract_syntax.pdf>] [126] [127]
<5.Implementation/images/cc_eg_original.pdf, id=4110, 298.11375pt x 179.67125pt
>
File: 5.Implementation/images/cc_eg_original.pdf Graphic file (type pdf)
 <use 5.Implementation/images/cc_eg_original.pdf>
<5.Implementation/images/cc_eg_evolved.pdf, id=4111, 296.10625pt x 260.975pt>
File: 5.Implementation/images/cc_eg_evolved.pdf Graphic file (type pdf)

<use 5.Implementation/images/cc_eg_evolved.pdf> [128]
Overfull \hbox (3.39803pt too wide) in paragraph at lines 140--141
[]\OT1/cmr/m/n/10.95 The model shown in Fig-ure []5.24[] con-forms to the orig-
i-nal meta-model in Fig-ure []5.23(a)[]
 []

[129 <./5.Implementation/images/cc_eg_original.pdf> <./5.Implementation/images/
cc_eg_evolved.pdf>]
<A.2.ProcessOriented/images/4_model.png, id=4234, 708.6475pt x 667.49374pt>
File: A.2.ProcessOriented/images/4_model.png Graphic file (type png)

<use A.2.ProcessOriented/images/4_model.png>
LaTeX Font Info:    Try loading font information for OMS+pcr on input line 154.


(/usr/local/texlive/2010/texmf-dist/tex/latex/psnfss/omspcr.fd
File: omspcr.fd 
)
LaTeX Font Info:    Font shape `OMS/pcr/m/n' in size <10.95> not available
(Font)              Font shape `OMS/cmsy/m/n' tried instead on input line 154.
 [130 <./A.2.ProcessOriented/images/4_model.png>] [131] [132] [133]
<5.Implementation/images/uml_class_before.pdf, id=4313, 553.06625pt x 170.6375p
t>
File: 5.Implementation/images/uml_class_before.pdf Graphic file (type pdf)
 <use 5.Implementation/images/uml_class_before.pdf>
<5.Implementation/images/uml_class_after.pdf, id=4314, 516.93124pt x 164.615pt>
File: 5.Implementation/images/uml_class_after.pdf Graphic file (type pdf)
<use 5.Implementation/images/uml_class_after.pdf> [134

 <./5.Implementation/images/uml_class_before.pdf> <./5.Implementation/images/um
l_class_after.pdf>]
LaTeX Font Info:    Font shape `OT1/pcr/bx/n' in size <10.95> not available
(Font)              Font shape `OT1/pcr/b/n' tried instead on input line 250.

[135

]
Underfull \vbox (badness 4193) has occurred while \output is active []

 [136]
<5.Implementation/images/flock_programmers_guide/mother.pdf, id=4524, 123.46124
pt x 86.3225pt>
File: 5.Implementation/images/flock_programmers_guide/mother.pdf Graphic file (
type pdf)

<use 5.Implementation/images/flock_programmers_guide/mother.pdf>
<5.Implementation/images/flock_programmers_guide/mother2.pdf, id=4525, 157.5887
5pt x 89.33376pt>
File: 5.Implementation/images/flock_programmers_guide/mother2.pdf Graphic file 
(type pdf)

<use 5.Implementation/images/flock_programmers_guide/mother2.pdf> [137 <./5.Imp
lementation/images/flock_programmers_guide/mother.pdf> <./5.Implementation/imag
es/flock_programmers_guide/mother2.pdf>] [138]
<5.Implementation/images/user_input.png, id=4620, 463.7325pt x 458.71375pt>
File: 5.Implementation/images/user_input.png Graphic file (type png)

<use 5.Implementation/images/user_input.png>
Underfull \vbox (badness 10000) has occurred while \output is active []

 [139]
[140 <./5.Implementation/images/user_input.png>] [141] [142]
<6.Evaluation/images/subtyping.pdf, id=4713, 291.0875pt x 193.72375pt>
File: 6.Evaluation/images/subtyping.pdf Graphic file (type pdf)

<use 6.Evaluation/images/subtyping.pdf> [143] [144 <./6.Evaluation/images/subty
ping.pdf>] [145]) [146]) [147]
\openout2 = `6.Evaluation/evaluation.aux'.

 (./6.Evaluation/evaluation.tex [148



] [149]
(./6.Evaluation/user_driven_example.tex
Underfull \vbox (badness 10000) has occurred while \output is active []

 [150]
[151]
<6.Evaluation/images/user_driven/po_final_editor.png, id=4935, 806.01125pt x 65
9.46375pt>
File: 6.Evaluation/images/user_driven/po_final_editor.png Graphic file (type pn
g)
 <use 6.Evaluation/images/user_driven/po_final_editor.png> [152 <./6.Evaluation
/images/user_driven/po_final_editor.png>]
<6.Evaluation/images/user_driven/po_original_editor.png, id=4946, 697.60625pt x
 574.145pt>
File: 6.Evaluation/images/user_driven/po_original_editor.png Graphic file (type
 png)
 <use 6.Evaluation/images/user_driven/po_original_editor.png>
[153 <./6.Evaluation/images/user_driven/po_original_editor.png>]
<6.Evaluation/images/user_driven/po_evolved_editor.png, id=4956, 697.60625pt x 
574.145pt>
File: 6.Evaluation/images/user_driven/po_evolved_editor.png Graphic file (type 
png)
 <use 6.Evaluation/images/user_driven/po_evolved_editor.png> [154 <./6.Evaluati
on/images/user_driven/po_evolved_editor.png>]
<6.Evaluation/images/user_driven/po_before.pdf, id=4968, 261.97874pt x 136.51pt
>
File: 6.Evaluation/images/user_driven/po_before.pdf Graphic file (type pdf)
 <use 6.Evaluation/images/user_driven/po_before.pdf>
<6.Evaluation/images/user_driven/po_after.pdf, id=4969, 383.4325pt x 170.6375pt
>
File: 6.Evaluation/images/user_driven/po_after.pdf Graphic file (type pdf)
 <use 6.Evaluation/images/user_driven/po_after.pdf> [155 <./6.Evaluation/images
/user_driven/po_before.pdf> <./6.Evaluation/images/user_driven/po_after.pdf>]
File: 6.Evaluation/images/user_driven/emf_process.pdf Graphic file (type pdf)

<use 6.Evaluation/images/user_driven/emf_process.pdf>
<6.Evaluation/images/user_driven/po_original_xmi.png, id=5091, 630.355pt x 635.
37375pt>
File: 6.Evaluation/images/user_driven/po_original_xmi.png Graphic file (type pn
g)
 <use 6.Evaluation/images/user_driven/po_original_xmi.png>
<6.Evaluation/images/user_driven/po_migrated_xmi.png, id=5095, 708.6475pt x 667
.49374pt>
File: 6.Evaluation/images/user_driven/po_migrated_xmi.png Graphic file (type pn
g)
 <use 6.Evaluation/images/user_driven/po_migrated_xmi.png> [156]
Underfull \vbox (badness 10000) has occurred while \output is active []

 [157]
Underfull \vbox (badness 1874) has occurred while \output is active []

 [158 <./6.Evaluation/images/user_driven/po_original_xmi.png (PNG copy)>] [159 
<./6.Evaluation/images/user_driven/po_migrated_xmi.png>]
File: 6.Evaluation/images/user_driven/hutn_process.pdf Graphic file (type pdf)

<use 6.Evaluation/images/user_driven/hutn_process.pdf>
<6.Evaluation/images/user_driven/po_hutn.png, id=5134, 708.6475pt x 667.49374pt
>
File: 6.Evaluation/images/user_driven/po_hutn.png Graphic file (type png)
 <use 6.Evaluation/images/user_driven/po_hutn.png>
<6.Evaluation/images/user_driven/po_hutn_partial.png, id=5136, 708.6475pt x 667
.49374pt>
File: 6.Evaluation/images/user_driven/po_hutn_partial.png Graphic file (type pn
g)
 <use 6.Evaluation/images/user_driven/po_hutn_partial.png>
Underfull \vbox (badness 1728) has occurred while \output is active []

 [160]
[161 <./6.Evaluation/images/user_driven/po_hutn.png>]
Underfull \vbox (badness 7613) has occurred while \output is active []

 [162 <./6.Evaluation/images/user_driven/po_hutn_partial.png>] [163])
(./6.Evaluation/quantitive.tex [164] [165]
Underfull \vbox (badness 1968) has occurred while \output is active []

 [166]
Underfull \hbox (badness 10000) in paragraph at lines 47--47
[][] [][]\OT1/cmr/m/n/9 Communication with Ed Merks, Eclipse Mod-el-ing Project
 leader, 2009, avail-
 []


Underfull \hbox (badness 10000) in paragraph at lines 47--47
\OT1/cmr/m/n/9 able at []$\OT1/pcr/m/n/9 http : / / www . eclipse . org / forum
s / index . php ? t = tree&goto = 486690&S =
 []

[167] [168] [169] [170]
File: 5.Implementation/images/petri_nets_before.pdf Graphic file (type pdf)
 <use 5.Implementation/images/petri_nets_before.pdf>
File: 5.Implementation/images/petri_nets_after.pdf Graphic file (type pdf)

<use 5.Implementation/images/petri_nets_after.pdf> [171] [172] [173] [174]
[175]
Underfull \hbox (badness 10000) in paragraph at lines 354--355

 []


Underfull \hbox (badness 10000) in paragraph at lines 360--362

 []

[176]
File: 6.Evaluation/images/subtyping.pdf Graphic file (type pdf)
 <use 6.Evaluation/images/subtyping.pdf> [177] [178] [179]
<6.Evaluation/images/change_ref_to_cont_before.pdf, id=5476, 247.92625pt x 118.
4425pt>
File: 6.Evaluation/images/change_ref_to_cont_before.pdf Graphic file (type pdf)

 <use 6.Evaluation/images/change_ref_to_cont_before.pdf>
<6.Evaluation/images/change_ref_to_cont_after.pdf, id=5477, 356.33125pt x 62.23
25pt>
File: 6.Evaluation/images/change_ref_to_cont_after.pdf Graphic file (type pdf)
 <use 6.Evaluation/images/change_ref_to_cont_after.pdf> [180] [181 <./6.Evaluat
ion/images/change_ref_to_cont_before.pdf> <./6.Evaluation/images/change_ref_to_
cont_after.pdf>] [182]) (./6.Evaluation/collaborative_comparison.tex
[183] [184]
File: 5.Implementation/images/petri_nets_before.pdf Graphic file (type pdf)
 <use 5.Implementation/images/petri_nets_before.pdf>
File: 5.Implementation/images/petri_nets_after.pdf Graphic file (type pdf)

<use 5.Implementation/images/petri_nets_after.pdf>
<A.3.MigrationStrategies/images/gmf/graph_before.pdf, id=5663, 515.9275pt x 276
.03125pt>
File: A.3.MigrationStrategies/images/gmf/graph_before.pdf Graphic file (type pd
f)
 <use A.3.MigrationStrategies/images/gmf/graph_before.pdf>
<A.3.MigrationStrategies/images/gmf/graph_after.pdf, id=5664, 515.9275pt x 336.
25626pt>
File: A.3.MigrationStrategies/images/gmf/graph_after.pdf Graphic file (type pdf
)
 <use A.3.MigrationStrategies/images/gmf/graph_after.pdf> [185]
[186 <./A.3.MigrationStrategies/images/gmf/graph_before.pdf> <./A.3.MigrationSt
rategies/images/gmf/graph_after.pdf>] [187] [188] [189] [190] [191] [192]
[193]
<6.Evaluation/images/migration_tool_performance.pdf, id=5979, 469.755pt x 391.4
625pt>
File: 6.Evaluation/images/migration_tool_performance.pdf Graphic file (type pdf
)
 <use 6.Evaluation/images/migration_tool_performance.pdf> [194 <./6.Evaluation/
images/migration_tool_performance.pdf>] [195] [196] [197])
(./6.Evaluation/ttc.tex [198]
<6.Evaluation/images/activity.pdf, id=6043, 597.23125pt x 845.1575pt>
File: 6.Evaluation/images/activity.pdf Graphic file (type pdf)

<use 6.Evaluation/images/activity.pdf>
Missing character: There is no Â in font cmr10!
Missing character: There is no   in font cmr10!

<A.3.MigrationStrategies/images/uml/activity_diagrams_before.pdf, id=6057, 603.
25375pt x 372.39125pt>
File: A.3.MigrationStrategies/images/uml/activity_diagrams_before.pdf Graphic f
ile (type pdf)

<use A.3.MigrationStrategies/images/uml/activity_diagrams_before.pdf>
<A.3.MigrationStrategies/images/uml/activity_diagrams_after.pdf, id=6060, 464.7
3625pt x 366.36874pt>
File: A.3.MigrationStrategies/images/uml/activity_diagrams_after.pdf Graphic fi
le (type pdf)

<use A.3.MigrationStrategies/images/uml/activity_diagrams_after.pdf> [199]
[200 <./6.Evaluation/images/activity.pdf>] [201 <./A.3.MigrationStrategies/imag
es/uml/activity_diagrams_before.pdf> <./A.3.MigrationStrategies/images/uml/acti
vity_diagrams_after.pdf>]
Underfull \hbox (badness 10000) in paragraph at lines 66--66
[][] [][][]$\OT1/pcr/m/n/9 http : / / planet-[]research20 . org / ttc2010 / ind
ex . php ? option = com _
 []

<6.Evaluation/images/ttc/core_before.pdf, id=6518, 543.02875pt x 108.405pt>
File: 6.Evaluation/images/ttc/core_before.pdf Graphic file (type pdf)

<use 6.Evaluation/images/ttc/core_before.pdf>
<6.Evaluation/images/ttc/core_after.pdf, id=6519, 524.96124pt x 108.405pt>
File: 6.Evaluation/images/ttc/core_after.pdf Graphic file (type pdf)

<use 6.Evaluation/images/ttc/core_after.pdf> [202]
File: 6.Evaluation/images/ttc/core_before.pdf Graphic file (type pdf)

<use 6.Evaluation/images/ttc/core_before.pdf>
<6.Evaluation/images/ttc/ext_after.pdf, id=6528, 311.1625pt x 105.39375pt>
File: 6.Evaluation/images/ttc/ext_after.pdf Graphic file (type pdf)

<use 6.Evaluation/images/ttc/ext_after.pdf>
Underfull \vbox (badness 4266) has occurred while \output is active []

 [203 <./6.Evaluation/images/ttc/core_before.pdf> <./6.Evaluation/images/ttc/co
re_after.pdf> <./6.Evaluation/images/ttc/ext_after.pdf>]
Missing character: There is no Â in font cmr10!
Missing character: There is no   in font cmr10!

Underfull \hbox (badness 10000) in paragraph at lines 117--117
[][] [][][]$\OT1/pcr/m/n/9 http : / / www . planet-[]research20 . org / ttc2010
 / index . php ? option = com _
 []


Underfull \hbox (badness 10000) in paragraph at lines 117--117
\OT1/pcr/m/n/9 community&view = groups&task = viewdiscussion&groupid = 4&topici
d = 20&Itemid = 150$[]
 []

[204] [205] [206] [207]
Underfull \hbox (badness 10000) in paragraph at lines 230--230
[][] [][][]$\OT1/pcr/m/n/9 http : / / www . planet-[]research20 . org / ttc2010
 / index . php ? option = com _
 []


Underfull \hbox (badness 10000) in paragraph at lines 230--230
\OT1/pcr/m/n/9 community&view = groups&task = viewdiscussion&groupid = 4&topici
d = 20&Itemid = 150$[]
 []

[208] [209] [210] [211]) (./6.Evaluation/limitations.tex) [212] [213]) [214]
\openout2 = `7.Conclusion/conclusion.aux'.


(./7.Conclusion/conclusion.tex
Overfull \hbox (0.54181pt too wide) in paragraph at lines 19--20
[]\OT1/cmr/m/n/10.95 Evaluate the pro-posed struc-tures and pro-cesses for man-
ag-ing evo-lu-tion-ary change,
 []

(./7.Conclusion/contributions.tex [215



] [216] [217] [218])
(./7.Conclusion/future_work.tex [219]) [220]) [221]
\openout2 = `A.0.Listings/listings.aux'.


(./A.0.Listings/listings.tex [222



] (./A.0.Listings/petri_nets_ecore2ecore.tex
LaTeX Font Info:    Font shape `OT1/pcr/bx/n' in size <9> not available
(Font)              Font shape `OT1/pcr/b/n' tried instead on input line 8.

[223]
Underfull \vbox (badness 10000) has occurred while \output is active []

 [224]
Underfull \vbox (badness 10000) has occurred while \output is active []

 [225]
[226]
Underfull \vbox (badness 10000) has occurred while \output is active []

 [227])
(./A.0.Listings/hutn_listings.tex [228]
Underfull \vbox (badness 10000) has occurred while \output is active []

 [229]
Underfull \vbox (badness 10000) has occurred while \output is active []

 [230]
Underfull \vbox (badness 10000) has occurred while \output is active []

 [231]
Underfull \vbox (badness 10000) has occurred while \output is active []

 [232]
Underfull \vbox (badness 10000) has occurred while \output is active []

 [233]
Underfull \vbox (badness 10000) has occurred while \output is active []

 [234]
Underfull \vbox (badness 10000) has occurred while \output is active []

 [235]
Underfull \vbox (badness 10000) has occurred while \output is active []

 [236]
Underfull \vbox (badness 10000) has occurred while \output is active []

 [237]
[238]
Underfull \vbox (badness 10000) has occurred while \output is active []

 [239]
Underfull \vbox (badness 10000) has occurred while \output is active []

 [240]
Underfull \vbox (badness 10000) has occurred while \output is active []

 [241]
Underfull \vbox (badness 10000) has occurred while \output is active []

 [242]
[243]
Underfull \vbox (badness 10000) has occurred while \output is active []

 [244]))
[245]
\openout2 = `A.2.ProcessOriented/process_oriented.aux'.

 (./A.2.ProcessOriented/process_oriented.tex [246



] [247]
<A.2.ProcessOriented/images/1_mm.pdf, id=7870, 257.96375pt x 91.34125pt>
File: A.2.ProcessOriented/images/1_mm.pdf Graphic file (type pdf)

<use A.2.ProcessOriented/images/1_mm.pdf> [248 <./A.2.ProcessOriented/images/1_
mm.pdf>]
<A.2.ProcessOriented/images/2_mm.pdf, id=7925, 257.96375pt x 164.615pt>
File: A.2.ProcessOriented/images/2_mm.pdf Graphic file (type pdf)

<use A.2.ProcessOriented/images/2_mm.pdf>
<A.2.ProcessOriented/images/2_model.png, id=7929, 708.6475pt x 667.49374pt>
File: A.2.ProcessOriented/images/2_model.png Graphic file (type png)

<use A.2.ProcessOriented/images/2_model.png>
<A.2.ProcessOriented/images/3_mm.pdf, id=7931, 270.00874pt x 164.615pt>
File: A.2.ProcessOriented/images/3_mm.pdf Graphic file (type pdf)

<use A.2.ProcessOriented/images/3_mm.pdf> [249 <./A.2.ProcessOriented/images/2_
mm.pdf>] [250 <./A.2.ProcessOriented/images/2_model.png> <./A.2.ProcessOriented
/images/3_mm.pdf>]
<A.2.ProcessOriented/images/3_pre.png, id=8025, 712.6625pt x 666.49pt>
File: A.2.ProcessOriented/images/3_pre.png Graphic file (type png)

<use A.2.ProcessOriented/images/3_pre.png>
<A.2.ProcessOriented/images/3_post.png, id=8026, 712.6625pt x 666.49pt>
File: A.2.ProcessOriented/images/3_post.png Graphic file (type png)

<use A.2.ProcessOriented/images/3_post.png> [251] [252 <./A.2.ProcessOriented/i
mages/3_pre.png> <./A.2.ProcessOriented/images/3_post.png>]
<A.2.ProcessOriented/images/4_mm.pdf, id=8064, 278.03876pt x 266.9975pt>
File: A.2.ProcessOriented/images/4_mm.pdf Graphic file (type pdf)

<use A.2.ProcessOriented/images/4_mm.pdf> [253

 <./A.2.ProcessOriented/images/4_mm.pdf>]
File: A.2.ProcessOriented/images/4_model.png Graphic file (type png)
 <use A.2.ProcessOriented/images/4_model.png>
<A.2.ProcessOriented/images/4_pre.png, id=8133, 712.6625pt x 666.49pt>
File: A.2.ProcessOriented/images/4_pre.png Graphic file (type png)

<use A.2.ProcessOriented/images/4_pre.png>
<A.2.ProcessOriented/images/4_post.png, id=8134, 712.6625pt x 666.49pt>
File: A.2.ProcessOriented/images/4_post.png Graphic file (type png)

<use A.2.ProcessOriented/images/4_post.png> [254] [255] [256 <./A.2.ProcessOrie
nted/images/4_pre.png> <./A.2.ProcessOriented/images/4_post.png>]
<A.2.ProcessOriented/images/5_mm.pdf, id=8175, 278.03876pt x 374.39874pt>
File: A.2.ProcessOriented/images/5_mm.pdf Graphic file (type pdf)

<use A.2.ProcessOriented/images/5_mm.pdf> [257

 <./A.2.ProcessOriented/images/5_mm.pdf>]
<A.2.ProcessOriented/images/5_pre.png, id=8256, 712.6625pt x 666.49pt>
File: A.2.ProcessOriented/images/5_pre.png Graphic file (type png)

<use A.2.ProcessOriented/images/5_pre.png>
<A.2.ProcessOriented/images/5_post.png, id=8257, 712.6625pt x 666.49pt>
File: A.2.ProcessOriented/images/5_post.png Graphic file (type png)

<use A.2.ProcessOriented/images/5_post.png> [258] [259 <./A.2.ProcessOriented/i
mages/5_pre.png> <./A.2.ProcessOriented/images/5_post.png>]
<A.2.ProcessOriented/images/6_mm.pdf, id=8310, 357.335pt x 394.47375pt>
File: A.2.ProcessOriented/images/6_mm.pdf Graphic file (type pdf)

<use A.2.ProcessOriented/images/6_mm.pdf> [260 <./A.2.ProcessOriented/images/6_
mm.pdf>]
<A.2.ProcessOriented/images/6_model.png, id=8396, 806.01125pt x 659.46375pt>
File: A.2.ProcessOriented/images/6_model.png Graphic file (type png)

<use A.2.ProcessOriented/images/6_model.png>) [261] [262 <./A.2.ProcessOriented
/images/6_model.png>]
\openout2 = `A.3.MigrationStrategies/migration_strategies.aux'.

 (./A.3.MigrationStrategies/migration_strategies.tex
(./A.3.MigrationStrategies/commands.tex) [263



]
<A.3.MigrationStrategies/images/newsgroups/extract_person_before.pdf, id=8453, 
244.915pt x 112.42pt>
File: A.3.MigrationStrategies/images/newsgroups/extract_person_before.pdf Graph
ic file (type pdf)

<use A.3.MigrationStrategies/images/newsgroups/extract_person_before.pdf>
<A.3.MigrationStrategies/images/newsgroups/extract_person_after.pdf, id=8454, 3
69.38pt x 100.375pt>
File: A.3.MigrationStrategies/images/newsgroups/extract_person_after.pdf Graphi
c file (type pdf)

<use A.3.MigrationStrategies/images/newsgroups/extract_person_after.pdf>
(./A.3.MigrationStrategies/code/newsgroups/extract_person.atl [264 <./A.3.Migra
tionStrategies/images/newsgroups/extract_person_before.pdf> <./A.3.MigrationStr
ategies/images/newsgroups/extract_person_after.pdf>])
(./A.3.MigrationStrategies/code/newsgroups/extract_person.cope)
(./A.3.MigrationStrategies/code/newsgroups/extract_person.flock) [265]
<A.3.MigrationStrategies/images/newsgroups/resolve_replies_before.pdf, id=8601,
 369.38pt x 100.375pt>
File: A.3.MigrationStrategies/images/newsgroups/resolve_replies_before.pdf Grap
hic file (type pdf)

<use A.3.MigrationStrategies/images/newsgroups/resolve_replies_before.pdf>
<A.3.MigrationStrategies/images/newsgroups/resolve_replies_after.pdf, id=8602, 
385.44pt x 140.525pt>
File: A.3.MigrationStrategies/images/newsgroups/resolve_replies_after.pdf Graph
ic file (type pdf)

<use A.3.MigrationStrategies/images/newsgroups/resolve_replies_after.pdf>
(./A.3.MigrationStrategies/code/newsgroups/resolve_replies.atl [266 <./A.3.Migr
ationStrategies/images/newsgroups/resolve_replies_before.pdf> <./A.3.MigrationS
trategies/images/newsgroups/resolve_replies_after.pdf>])
(./A.3.MigrationStrategies/code/newsgroups/resolve_replies.cope)
(./A.3.MigrationStrategies/code/newsgroups/resolve_replies.flock) [267]
File: A.3.MigrationStrategies/images/uml/activity_diagrams_before.pdf Graphic f
ile (type pdf)

<use A.3.MigrationStrategies/images/uml/activity_diagrams_before.pdf>
File: A.3.MigrationStrategies/images/uml/activity_diagrams_after.pdf Graphic fi
le (type pdf)

<use A.3.MigrationStrategies/images/uml/activity_diagrams_after.pdf>
(./A.3.MigrationStrategies/code/uml/activity_diagrams.atl [268] [269]
Underfull \vbox (badness 10000) has occurred while \output is active []

 [270]
Underfull \vbox (badness 10000) has occurred while \output is active []

 [271])
(./A.3.MigrationStrategies/code/uml/activity_diagrams.cope [272])
(./A.3.MigrationStrategies/code/uml/activity_diagrams.flock [273]) [274]
File: A.3.MigrationStrategies/images/gmf/graph_before.pdf Graphic file (type pd
f)

<use A.3.MigrationStrategies/images/gmf/graph_before.pdf>
File: A.3.MigrationStrategies/images/gmf/graph_after.pdf Graphic file (type pdf
)

<use A.3.MigrationStrategies/images/gmf/graph_after.pdf>
(./A.3.MigrationStrategies/code/gmf/graph.atl [275] [276]
Underfull \vbox (badness 10000) has occurred while \output is active []

 [277]
Underfull \vbox (badness 10000) has occurred while \output is active []

 [278]
Underfull \vbox (badness 10000) has occurred while \output is active []

 [279]
Underfull \vbox (badness 10000) has occurred while \output is active []

 [280]
Underfull \vbox (badness 10000) has occurred while \output is active []

 [281]
Underfull \vbox (badness 10000) has occurred while \output is active []

 [282]
Underfull \vbox (badness 10000) has occurred while \output is active []

 [283]
Underfull \vbox (badness 10000) has occurred while \output is active []

 [284]
Underfull \vbox (badness 10000) has occurred while \output is active []

 [285]
Underfull \vbox (badness 10000) has occurred while \output is active []

 [286])
(./A.3.MigrationStrategies/code/gmf/graph.cope)
Underfull \vbox (badness 6300) has occurred while \output is active []

 [287]
(./A.3.MigrationStrategies/code/gmf/graph.flock) [288]
(./A.3.MigrationStrategies/code/gmf/gen.atl [289]
Underfull \vbox (badness 10000) has occurred while \output is active []

 [290]
Underfull \vbox (badness 10000) has occurred while \output is active []

 [291]
Underfull \vbox (badness 10000) has occurred while \output is active []

 [292]
Underfull \vbox (badness 10000) has occurred while \output is active []

 [293]
Underfull \vbox (badness 10000) has occurred while \output is active []

 [294]
Underfull \vbox (badness 10000) has occurred while \output is active []

 [295]
Underfull \vbox (badness 10000) has occurred while \output is active []

 [296]
Underfull \vbox (badness 10000) has occurred while \output is active []

 [297]
Underfull \vbox (badness 10000) has occurred while \output is active []

 [298]
Underfull \vbox (badness 10000) has occurred while \output is active []

 [299]
Underfull \vbox (badness 10000) has occurred while \output is active []

 [300]
Underfull \vbox (badness 10000) has occurred while \output is active []

 [301]
Underfull \vbox (badness 10000) has occurred while \output is active []

 [302]
Underfull \vbox (badness 10000) has occurred while \output is active []

 [303]
Underfull \vbox (badness 10000) has occurred while \output is active []

 [304]
Underfull \vbox (badness 10000) has occurred while \output is active []

 [305]
Underfull \vbox (badness 10000) has occurred while \output is active []

 [306]
Underfull \vbox (badness 10000) has occurred while \output is active []

 [307]
Underfull \vbox (badness 10000) has occurred while \output is active []

 [308]
Underfull \vbox (badness 10000) has occurred while \output is active []

 [309]
Underfull \vbox (badness 10000) has occurred while \output is active []

 [310]
Underfull \vbox (badness 10000) has occurred while \output is active []

 [311]
Underfull \vbox (badness 10000) has occurred while \output is active []

 [312])
(./A.3.MigrationStrategies/code/gmf/gen.cope [313]
Underfull \vbox (badness 10000) has occurred while \output is active []

 [314])
(./A.3.MigrationStrategies/code/gmf/gen.flock [315])
Underfull \vbox (badness 10000) has occurred while \output is active []

 [316])
[317]
\openout2 = `A.4.TTCScores/ttc_scores.aux'.

 (./A.4.TTCScores/ttc_scores.tex [318



] [319] [320] [321] [322] [323]
[324]) (./thesis.bbl
bibitemlist
[325





] [326]
Underfull \hbox (badness 2376) in paragraph at lines 178--186
\OT1/cmr/m/n/10.95 at: []$\OT1/pcr/m/n/10.95 http : / / itcentre . tvu . ac . u
k / []clark / Papers / Superlanguages .
 []

[327] [328] [329] [330]
Underfull \hbox (badness 1163) in paragraph at lines 447--453
[]$ []$ \OT1/cmr/m/n/10.95 M. Her-rmanns-do-er-fer, S. Benz, and E. Juer-
 []

[331] [332] [333] [334]
Missing character: There is no ï in font cmr10!
Missing character: There is no ¬ in font cmr10!
Missing character: There is no  in font cmr10!
 [335] [336]
Missing character: There is no â in font cmti10!
Missing character: There is no € in font cmti10!
Missing character: There is no “ in font cmti10!
 [337]
Missing character: There is no â in font cmr10!
Missing character: There is no € in font cmr10!
Missing character: There is no ™ in font cmr10!
 [338] [339]) [340]
\tf@toc=\write5
\openout5 = `thesis.toc'.

\tf@lof=\write6
\openout6 = `thesis.lof'.

\tf@lot=\write7
\openout7 = `thesis.lot'.

\tf@lol=\write8
\openout8 = `thesis.lol'.

Package atveryend Info: Empty hook `BeforeClearDocument' on input line 58.
Package atveryend Info: Empty hook `AfterLastShipout' on input line 58.
 (./thesis.aux
(./0.FrontMatter/front_matter.aux) (./1.Introduction/introduction.aux)
(./2.Background/background.aux) (./3.LiteratureReview/literature_review.aux)
(./4.Analysis/analysis.aux) (./5.Implementation/implementation.aux)
(./6.Evaluation/evaluation.aux) (./7.Conclusion/conclusion.aux)
(./A.0.Listings/listings.aux) (./A.2.ProcessOriented/process_oriented.aux)
(./A.3.MigrationStrategies/migration_strategies.aux)
(./A.4.TTCScores/ttc_scores.aux))
Package atveryend Info: Executing hook `AtVeryEndDocument' on input line 58.
Package rerunfilecheck Info: File `thesis.out' has not changed.
(rerunfilecheck)             Checksum: B9AFE920DC1B7AC85741D5A4A4EB4499;4535.
 ) 
Here is how much of TeX's memory you used:
 17677 strings out of 493747
 291608 string characters out of 3143546
 562309 words of memory out of 3000000
 15459 multiletter control sequences out of 15000+200000
 18358 words of font info for 63 fonts, out of 3000000 for 9000
 714 hyphenation exceptions out of 8191
 41i,12n,53p,2043b,1773s stack positions out of 5000i,500n,10000p,200000b,50000s
{/usr/local/texlive/2010/texmf-dist/fonts/enc/dvips/base/8r.enc}</usr/local/t
exlive/2010/texmf-dist/fonts/type1/public/amsfonts/cm/cmbx10.pfb></usr/local/te
xlive/2010/texmf-dist/fonts/type1/public/amsfonts/cm/cmbx12.pfb></usr/local/tex
live/2010/texmf-dist/fonts/type1/public/amsfonts/cm/cmbx9.pfb></usr/local/texli
ve/2010/texmf-dist/fonts/type1/public/amsfonts/cm/cmbxti10.pfb></usr/local/texl
ive/2010/texmf-dist/fonts/type1/public/amsfonts/cm/cmmi10.pfb></usr/local/texli
ve/2010/texmf-dist/fonts/type1/public/amsfonts/cm/cmr10.pfb></usr/local/texlive
/2010/texmf-dist/fonts/type1/public/amsfonts/cm/cmr12.pfb></usr/local/texlive/2
010/texmf-dist/fonts/type1/public/amsfonts/cm/cmr17.pfb></usr/local/texlive/201
0/texmf-dist/fonts/type1/public/amsfonts/cm/cmr6.pfb></usr/local/texlive/2010/t
exmf-dist/fonts/type1/public/amsfonts/cm/cmr7.pfb></usr/local/texlive/2010/texm
f-dist/fonts/type1/public/amsfonts/cm/cmr8.pfb></usr/local/texlive/2010/texmf-d
ist/fonts/type1/public/amsfonts/cm/cmr9.pfb></usr/local/texlive/2010/texmf-dist
/fonts/type1/public/amsfonts/cm/cmsl10.pfb></usr/local/texlive/2010/texmf-dist/
fonts/type1/public/amsfonts/cm/cmsy10.pfb></usr/local/texlive/2010/texmf-dist/f
onts/type1/public/amsfonts/cm/cmti10.pfb></usr/local/texlive/2010/texmf-dist/fo
nts/type1/public/amsfonts/cm/cmti8.pfb></usr/local/texlive/2010/texmf-dist/font
s/type1/public/amsfonts/cm/cmti9.pfb></usr/local/texlive/2010/texmf-dist/fonts/
type1/public/cm-super/sfbx0900.pfb></usr/local/texlive/2010/texmf-dist/fonts/ty
pe1/public/cm-super/sfbx1000.pfb></usr/local/texlive/2010/texmf-dist/fonts/type
1/public/cm-super/sfbx1200.pfb></usr/local/texlive/2010/texmf-dist/fonts/type1/
public/cm-super/sfrm0900.pfb></usr/local/texlive/2010/texmf-dist/fonts/type1/pu
blic/cm-super/sfrm1000.pfb></usr/local/texlive/2010/texmf-dist/fonts/type1/publ
ic/cm-super/sfti1000.pfb></usr/local/texlive/2010/texmf-dist/fonts/type1/public
/cm-super/sftt1000.pfb></usr/local/texlive/2010/texmf-dist/fonts/type1/urw/cour
ier/ucrb8a.pfb></usr/local/texlive/2010/texmf-dist/fonts/type1/urw/courier/ucrr
8a.pfb></usr/local/texlive/2010/texmf-dist/fonts/type1/urw/courier/ucrro8a.pfb>
</usr/local/texlive/2010/texmf-dist/fonts/type1/urw/zapfding/uzdr.pfb>
Output written on thesis.pdf (360 pages, 7031669 bytes).
PDF statistics:
 12236 PDF objects out of 12825 (max. 8388607)
 10530 compressed objects within 106 object streams
 4968 named destinations out of 5155 (max. 500000)
 1028 words of extra memory for PDF output out of 10000 (max. 10000000)

